[ 2016-08-28T23:05:11+08:00 ] 127.0.0.1 127.0.0.1 GET /index.php/admin/
[ log ] www.ob.com/index.php/admin/ [运行时间：0.038000s][吞吐率：26.32req/s] [内存消耗：2,330.47kb] [文件加载：46]
[ info ] [ DB ] INIT mysql:array (
  'type' => 'mysql',
  'dsn' => '',
  'hostname' => '127.0.0.1',
  'database' => 'onebase',
  'username' => 'root',
  'password' => '',
  'hostport' => '3306',
  'params' => 
  array (
  ),
  'charset' => 'utf8',
  'prefix' => 'ob_',
  'debug' => true,
  'deploy' => 0,
  'rw_separate' => false,
  'master_num' => 1,
  'slave_no' => '',
  'fields_strict' => true,
  'auto_timestamp' => false,
  'resultset_type' => 'array',
  'sql_explain' => false,
)
[ info ] [ DB ] CONNECT: mysql:dbname=onebase;host=127.0.0.1;port=3306;charset=utf8
[ info ] [ BEHAVIOR ] Run app\common\behavior\InitHook @app_init [ RunTime:0.022000s ]
[ info ] [ ROUTE ] array (
  'type' => 'module',
  'module' => 
  array (
    0 => 'admin',
    1 => NULL,
    2 => NULL,
  ),
)
[ info ] [ SESSION ] INIT array (
  'id' => '',
  'var_session_id' => '',
  'prefix' => 'think',
  'type' => '',
  'auto_start' => true,
)
[ info ] [ LOG ] INIT File: array (
  'path' => 'E:\\Wamp\\www\\OneBase\\runtime\\log\\',
)
[ sql ] [ SQL ] SELECT * FROM `ob_config`  [ RunTime:0.000000s ]

[ 2016-08-28T23:05:12+08:00 ] 127.0.0.1 127.0.0.1 GET /index.php/admin/
[ log ] www.ob.com/index.php/admin/ [运行时间：0.029000s][吞吐率：34.48req/s] [内存消耗：2,330.28kb] [文件加载：46]
[ info ] [ DB ] INIT mysql:array (
  'type' => 'mysql',
  'dsn' => '',
  'hostname' => '127.0.0.1',
  'database' => 'onebase',
  'username' => 'root',
  'password' => '',
  'hostport' => '3306',
  'params' => 
  array (
  ),
  'charset' => 'utf8',
  'prefix' => 'ob_',
  'debug' => true,
  'deploy' => 0,
  'rw_separate' => false,
  'master_num' => 1,
  'slave_no' => '',
  'fields_strict' => true,
  'auto_timestamp' => false,
  'resultset_type' => 'array',
  'sql_explain' => false,
)
[ info ] [ DB ] CONNECT: mysql:dbname=onebase;host=127.0.0.1;port=3306;charset=utf8
[ info ] [ BEHAVIOR ] Run app\common\behavior\InitHook @app_init [ RunTime:0.014000s ]
[ info ] [ ROUTE ] array (
  'type' => 'module',
  'module' => 
  array (
    0 => 'admin',
    1 => NULL,
    2 => NULL,
  ),
)
[ info ] [ SESSION ] INIT array (
  'id' => '',
  'var_session_id' => '',
  'prefix' => 'think',
  'type' => '',
  'auto_start' => true,
)
[ info ] [ LOG ] INIT File: array (
  'path' => 'E:\\Wamp\\www\\OneBase\\runtime\\log\\',
)
[ sql ] [ SQL ] SELECT * FROM `ob_config`  [ RunTime:0.001000s ]

[ 2016-08-28T23:06:19+08:00 ] 127.0.0.1 127.0.0.1 GET /index.php/admin/
[ log ] www.ob.com/index.php/admin/ [运行时间：0.056000s][吞吐率：17.86req/s] [内存消耗：2,708.48kb] [文件加载：59]
[ info ] [ DB ] INIT mysql:array (
  'type' => 'mysql',
  'dsn' => '',
  'hostname' => '127.0.0.1',
  'database' => 'onebase',
  'username' => 'root',
  'password' => '',
  'hostport' => '3306',
  'params' => 
  array (
  ),
  'charset' => 'utf8',
  'prefix' => 'ob_',
  'debug' => true,
  'deploy' => 0,
  'rw_separate' => false,
  'master_num' => 1,
  'slave_no' => '',
  'fields_strict' => true,
  'auto_timestamp' => false,
  'resultset_type' => 'array',
  'sql_explain' => false,
)
[ info ] [ DB ] CONNECT: mysql:dbname=onebase;host=127.0.0.1;port=3306;charset=utf8
[ info ] [ BEHAVIOR ] Run app\common\behavior\InitHook @app_init [ RunTime:0.024000s ]
[ info ] [ ROUTE ] array (
  'type' => 'module',
  'module' => 
  array (
    0 => 'admin',
    1 => NULL,
    2 => NULL,
  ),
)
[ info ] [ SESSION ] INIT array (
  'id' => '',
  'var_session_id' => '',
  'prefix' => 'think',
  'type' => '',
  'auto_start' => true,
)
[ info ] [ RUN ] Method [ <user> public method index ] {
  @@ E:\Wamp\www\OneBase\application\admin\controller\Index.php 8 - 14
}

[ info ] [ VIEW ] E:\Wamp\www\OneBase/application/admin\view\index\index.html [ array (
  0 => '__menu__',
  1 => 'meta_title',
) ]
[ info ] [ LANG ] E:\Wamp\www\OneBase\framework\lang\zh-cn.php
[ info ] [ LANG ] E:\Wamp\www\OneBase\framework\lang\zh-cn.php
[ info ] [ LANG ] E:\Wamp\www\OneBase\framework\lang\zh-cn.php
[ info ] [ LANG ] E:\Wamp\www\OneBase\framework\lang\zh-cn.php
[ info ] [ LOG ] INIT File: array (
  'path' => 'E:\\Wamp\\www\\OneBase\\runtime\\log\\',
)
[ sql ] [ SQL ] SELECT * FROM `ob_config`  [ RunTime:0.000000s ]
[ error ] [2]Illegal string offset 'main'[E:\Wamp\www\OneBase\runtime\temp\d9c86d4362549dcd36a5ba875899687c.php:32]
[ error ] [1]Uncaught exception 'think\exception\HttpResponseException' in E:\Wamp\www\OneBase\framework\library\traits\controller\Jump.php:141
Stack trace:
#0 E:\Wamp\www\OneBase\application\common\controller\CommonBase.php(31) : eval()'d code(1): think\Controller->redirect('AdminPublic/log...')
#1 E:\Wamp\www\OneBase\application\common\controller\CommonBase.php(31): eval()
#2 [internal function]: app\common\controller\CommonBase->__destruct()
#3 {main}
  thrown[E:\Wamp\www\OneBase\framework\library\traits\controller\Jump.php:141]

[ 2016-08-28T23:06:56+08:00 ] 127.0.0.1 127.0.0.1 GET /index.php/admin/
[ log ] www.ob.com/index.php/admin/ [运行时间：0.045000s][吞吐率：22.22req/s] [内存消耗：2,528.24kb] [文件加载：57]
[ info ] [ DB ] INIT mysql:array (
  'type' => 'mysql',
  'dsn' => '',
  'hostname' => '127.0.0.1',
  'database' => 'onebase',
  'username' => 'root',
  'password' => '',
  'hostport' => '3306',
  'params' => 
  array (
  ),
  'charset' => 'utf8',
  'prefix' => 'ob_',
  'debug' => true,
  'deploy' => 0,
  'rw_separate' => false,
  'master_num' => 1,
  'slave_no' => '',
  'fields_strict' => true,
  'auto_timestamp' => false,
  'resultset_type' => 'array',
  'sql_explain' => false,
)
[ info ] [ DB ] CONNECT: mysql:dbname=onebase;host=127.0.0.1;port=3306;charset=utf8
[ info ] [ BEHAVIOR ] Run app\common\behavior\InitHook @app_init [ RunTime:0.014000s ]
[ info ] [ ROUTE ] array (
  'type' => 'module',
  'module' => 
  array (
    0 => 'admin',
    1 => NULL,
    2 => NULL,
  ),
)
[ info ] [ SESSION ] INIT array (
  'id' => '',
  'var_session_id' => '',
  'prefix' => 'think',
  'type' => '',
  'auto_start' => true,
)
[ info ] [ RUN ] Method [ <user> public method index ] {
  @@ E:\Wamp\www\OneBase\application\admin\controller\Index.php 8 - 14
}

[ info ] [ VIEW ] E:\Wamp\www\OneBase/application/admin\view\index\index.html [ array (
  0 => '__menu__',
  1 => 'meta_title',
) ]
[ info ] [ LANG ] E:\Wamp\www\OneBase\framework\lang\zh-cn.php
[ info ] [ LANG ] E:\Wamp\www\OneBase\framework\lang\zh-cn.php
[ info ] [ LANG ] E:\Wamp\www\OneBase\framework\lang\zh-cn.php
[ info ] [ LANG ] E:\Wamp\www\OneBase\framework\lang\zh-cn.php
[ info ] [ LOG ] INIT File: array (
  'path' => 'E:\\Wamp\\www\\OneBase\\runtime\\log\\',
)
[ sql ] [ SQL ] SELECT * FROM `ob_config`  [ RunTime:0.000000s ]
[ error ] [2]Illegal string offset 'main'[E:\Wamp\www\OneBase\runtime\temp\d9c86d4362549dcd36a5ba875899687c.php:32]
[ error ] [1]Uncaught exception 'think\exception\HttpResponseException' in E:\Wamp\www\OneBase\framework\library\traits\controller\Jump.php:141
Stack trace:
#0 E:\Wamp\www\OneBase\application\common\controller\CommonBase.php(31) : eval()'d code(1): think\Controller->redirect('AdminPublic/log...')
#1 E:\Wamp\www\OneBase\application\common\controller\CommonBase.php(31): eval()
#2 [internal function]: app\common\controller\CommonBase->__destruct()
#3 {main}
  thrown[E:\Wamp\www\OneBase\framework\library\traits\controller\Jump.php:141]

[ 2016-08-28T23:06:57+08:00 ] 127.0.0.1 127.0.0.1 GET /index.php/admin/
[ log ] www.ob.com/index.php/admin/ [运行时间：0.039000s][吞吐率：25.64req/s] [内存消耗：2,528.31kb] [文件加载：57]
[ info ] [ DB ] INIT mysql:array (
  'type' => 'mysql',
  'dsn' => '',
  'hostname' => '127.0.0.1',
  'database' => 'onebase',
  'username' => 'root',
  'password' => '',
  'hostport' => '3306',
  'params' => 
  array (
  ),
  'charset' => 'utf8',
  'prefix' => 'ob_',
  'debug' => true,
  'deploy' => 0,
  'rw_separate' => false,
  'master_num' => 1,
  'slave_no' => '',
  'fields_strict' => true,
  'auto_timestamp' => false,
  'resultset_type' => 'array',
  'sql_explain' => false,
)
[ info ] [ DB ] CONNECT: mysql:dbname=onebase;host=127.0.0.1;port=3306;charset=utf8
[ info ] [ BEHAVIOR ] Run app\common\behavior\InitHook @app_init [ RunTime:0.013000s ]
[ info ] [ ROUTE ] array (
  'type' => 'module',
  'module' => 
  array (
    0 => 'admin',
    1 => NULL,
    2 => NULL,
  ),
)
[ info ] [ SESSION ] INIT array (
  'id' => '',
  'var_session_id' => '',
  'prefix' => 'think',
  'type' => '',
  'auto_start' => true,
)
[ info ] [ RUN ] Method [ <user> public method index ] {
  @@ E:\Wamp\www\OneBase\application\admin\controller\Index.php 8 - 14
}

[ info ] [ VIEW ] E:\Wamp\www\OneBase/application/admin\view\index\index.html [ array (
  0 => '__menu__',
  1 => 'meta_title',
) ]
[ info ] [ LANG ] E:\Wamp\www\OneBase\framework\lang\zh-cn.php
[ info ] [ LANG ] E:\Wamp\www\OneBase\framework\lang\zh-cn.php
[ info ] [ LANG ] E:\Wamp\www\OneBase\framework\lang\zh-cn.php
[ info ] [ LANG ] E:\Wamp\www\OneBase\framework\lang\zh-cn.php
[ info ] [ LOG ] INIT File: array (
  'path' => 'E:\\Wamp\\www\\OneBase\\runtime\\log\\',
)
[ sql ] [ SQL ] SELECT * FROM `ob_config`  [ RunTime:0.000000s ]
[ error ] [2]Illegal string offset 'main'[E:\Wamp\www\OneBase\runtime\temp\d9c86d4362549dcd36a5ba875899687c.php:32]
[ error ] [1]Uncaught exception 'think\exception\HttpResponseException' in E:\Wamp\www\OneBase\framework\library\traits\controller\Jump.php:141
Stack trace:
#0 E:\Wamp\www\OneBase\application\common\controller\CommonBase.php(31) : eval()'d code(1): think\Controller->redirect('AdminPublic/log...')
#1 E:\Wamp\www\OneBase\application\common\controller\CommonBase.php(31): eval()
#2 [internal function]: app\common\controller\CommonBase->__destruct()
#3 {main}
  thrown[E:\Wamp\www\OneBase\framework\library\traits\controller\Jump.php:141]

[ 2016-08-28T23:07:23+08:00 ] 127.0.0.1 127.0.0.1 GET /index.php/admin/
[ log ] www.ob.com/index.php/admin/ [运行时间：0.029000s][吞吐率：34.48req/s] [内存消耗：2,324.62kb] [文件加载：46]
[ info ] [ DB ] INIT mysql:array (
  'type' => 'mysql',
  'dsn' => '',
  'hostname' => '127.0.0.1',
  'database' => 'onebase',
  'username' => 'root',
  'password' => '',
  'hostport' => '3306',
  'params' => 
  array (
  ),
  'charset' => 'utf8',
  'prefix' => 'ob_',
  'debug' => true,
  'deploy' => 0,
  'rw_separate' => false,
  'master_num' => 1,
  'slave_no' => '',
  'fields_strict' => true,
  'auto_timestamp' => false,
  'resultset_type' => 'array',
  'sql_explain' => false,
)
[ info ] [ DB ] CONNECT: mysql:dbname=onebase;host=127.0.0.1;port=3306;charset=utf8
[ info ] [ BEHAVIOR ] Run app\common\behavior\InitHook @app_init [ RunTime:0.014000s ]
[ info ] [ ROUTE ] array (
  'type' => 'module',
  'module' => 
  array (
    0 => 'admin',
    1 => NULL,
    2 => NULL,
  ),
)
[ info ] [ SESSION ] INIT array (
  'id' => '',
  'var_session_id' => '',
  'prefix' => 'think',
  'type' => '',
  'auto_start' => true,
)
[ info ] [ LOG ] INIT File: array (
  'path' => 'E:\\Wamp\\www\\OneBase\\runtime\\log\\',
)
[ sql ] [ SQL ] SELECT * FROM `ob_config`  [ RunTime:0.001000s ]

[ 2016-08-28T23:07:41+08:00 ] 127.0.0.1 127.0.0.1 GET /index.php/admin/
[ log ] www.ob.com/index.php/admin/ [运行时间：0.042000s][吞吐率：23.81req/s] [内存消耗：2,528.16kb] [文件加载：57]
[ info ] [ DB ] INIT mysql:array (
  'type' => 'mysql',
  'dsn' => '',
  'hostname' => '127.0.0.1',
  'database' => 'onebase',
  'username' => 'root',
  'password' => '',
  'hostport' => '3306',
  'params' => 
  array (
  ),
  'charset' => 'utf8',
  'prefix' => 'ob_',
  'debug' => true,
  'deploy' => 0,
  'rw_separate' => false,
  'master_num' => 1,
  'slave_no' => '',
  'fields_strict' => true,
  'auto_timestamp' => false,
  'resultset_type' => 'array',
  'sql_explain' => false,
)
[ info ] [ DB ] CONNECT: mysql:dbname=onebase;host=127.0.0.1;port=3306;charset=utf8
[ info ] [ BEHAVIOR ] Run app\common\behavior\InitHook @app_init [ RunTime:0.013000s ]
[ info ] [ ROUTE ] array (
  'type' => 'module',
  'module' => 
  array (
    0 => 'admin',
    1 => NULL,
    2 => NULL,
  ),
)
[ info ] [ SESSION ] INIT array (
  'id' => '',
  'var_session_id' => '',
  'prefix' => 'think',
  'type' => '',
  'auto_start' => true,
)
[ info ] [ RUN ] Method [ <user> public method index ] {
  @@ E:\Wamp\www\OneBase\application\admin\controller\Index.php 8 - 14
}

[ info ] [ VIEW ] E:\Wamp\www\OneBase/application/admin\view\index\index.html [ array (
  0 => '__menu__',
  1 => 'meta_title',
) ]
[ info ] [ LANG ] E:\Wamp\www\OneBase\framework\lang\zh-cn.php
[ info ] [ LANG ] E:\Wamp\www\OneBase\framework\lang\zh-cn.php
[ info ] [ LANG ] E:\Wamp\www\OneBase\framework\lang\zh-cn.php
[ info ] [ LANG ] E:\Wamp\www\OneBase\framework\lang\zh-cn.php
[ info ] [ LOG ] INIT File: array (
  'path' => 'E:\\Wamp\\www\\OneBase\\runtime\\log\\',
)
[ sql ] [ SQL ] SELECT * FROM `ob_config`  [ RunTime:0.001000s ]
[ error ] [2]Illegal string offset 'main'[E:\Wamp\www\OneBase\runtime\temp\d9c86d4362549dcd36a5ba875899687c.php:32]
[ error ] [1]Uncaught exception 'think\exception\HttpResponseException' in E:\Wamp\www\OneBase\framework\library\traits\controller\Jump.php:141
Stack trace:
#0 E:\Wamp\www\OneBase\application\common\controller\CommonBase.php(31) : eval()'d code(1): think\Controller->redirect('AdminPublic/log...')
#1 E:\Wamp\www\OneBase\application\common\controller\CommonBase.php(31): eval()
#2 [internal function]: app\common\controller\CommonBase->__destruct()
#3 {main}
  thrown[E:\Wamp\www\OneBase\framework\library\traits\controller\Jump.php:141]

[ 2016-08-28T23:07:42+08:00 ] 127.0.0.1 127.0.0.1 GET /index.php/admin/
[ log ] www.ob.com/index.php/admin/ [运行时间：0.040000s][吞吐率：25.00req/s] [内存消耗：2,528.16kb] [文件加载：57]
[ info ] [ DB ] INIT mysql:array (
  'type' => 'mysql',
  'dsn' => '',
  'hostname' => '127.0.0.1',
  'database' => 'onebase',
  'username' => 'root',
  'password' => '',
  'hostport' => '3306',
  'params' => 
  array (
  ),
  'charset' => 'utf8',
  'prefix' => 'ob_',
  'debug' => true,
  'deploy' => 0,
  'rw_separate' => false,
  'master_num' => 1,
  'slave_no' => '',
  'fields_strict' => true,
  'auto_timestamp' => false,
  'resultset_type' => 'array',
  'sql_explain' => false,
)
[ info ] [ DB ] CONNECT: mysql:dbname=onebase;host=127.0.0.1;port=3306;charset=utf8
[ info ] [ BEHAVIOR ] Run app\common\behavior\InitHook @app_init [ RunTime:0.013000s ]
[ info ] [ ROUTE ] array (
  'type' => 'module',
  'module' => 
  array (
    0 => 'admin',
    1 => NULL,
    2 => NULL,
  ),
)
[ info ] [ SESSION ] INIT array (
  'id' => '',
  'var_session_id' => '',
  'prefix' => 'think',
  'type' => '',
  'auto_start' => true,
)
[ info ] [ RUN ] Method [ <user> public method index ] {
  @@ E:\Wamp\www\OneBase\application\admin\controller\Index.php 8 - 14
}

[ info ] [ VIEW ] E:\Wamp\www\OneBase/application/admin\view\index\index.html [ array (
  0 => '__menu__',
  1 => 'meta_title',
) ]
[ info ] [ LANG ] E:\Wamp\www\OneBase\framework\lang\zh-cn.php
[ info ] [ LANG ] E:\Wamp\www\OneBase\framework\lang\zh-cn.php
[ info ] [ LANG ] E:\Wamp\www\OneBase\framework\lang\zh-cn.php
[ info ] [ LANG ] E:\Wamp\www\OneBase\framework\lang\zh-cn.php
[ info ] [ LOG ] INIT File: array (
  'path' => 'E:\\Wamp\\www\\OneBase\\runtime\\log\\',
)
[ sql ] [ SQL ] SELECT * FROM `ob_config`  [ RunTime:0.000000s ]
[ error ] [2]Illegal string offset 'main'[E:\Wamp\www\OneBase\runtime\temp\d9c86d4362549dcd36a5ba875899687c.php:32]
[ error ] [1]Uncaught exception 'think\exception\HttpResponseException' in E:\Wamp\www\OneBase\framework\library\traits\controller\Jump.php:141
Stack trace:
#0 E:\Wamp\www\OneBase\application\common\controller\CommonBase.php(31) : eval()'d code(1): think\Controller->redirect('AdminPublic/log...')
#1 E:\Wamp\www\OneBase\application\common\controller\CommonBase.php(31): eval()
#2 [internal function]: app\common\controller\CommonBase->__destruct()
#3 {main}
  thrown[E:\Wamp\www\OneBase\framework\library\traits\controller\Jump.php:141]

[ 2016-08-28T23:08:10+08:00 ] 127.0.0.1 127.0.0.1 GET /index.php/admin/
[ log ] www.ob.com/index.php/admin/ [运行时间：0.046000s][吞吐率：21.74req/s] [内存消耗：2,486.14kb] [文件加载：55]
[ info ] [ DB ] INIT mysql:array (
  'type' => 'mysql',
  'dsn' => '',
  'hostname' => '127.0.0.1',
  'database' => 'onebase',
  'username' => 'root',
  'password' => '',
  'hostport' => '3306',
  'params' => 
  array (
  ),
  'charset' => 'utf8',
  'prefix' => 'ob_',
  'debug' => true,
  'deploy' => 0,
  'rw_separate' => false,
  'master_num' => 1,
  'slave_no' => '',
  'fields_strict' => true,
  'auto_timestamp' => false,
  'resultset_type' => 'array',
  'sql_explain' => false,
)
[ info ] [ DB ] CONNECT: mysql:dbname=onebase;host=127.0.0.1;port=3306;charset=utf8
[ info ] [ BEHAVIOR ] Run app\common\behavior\InitHook @app_init [ RunTime:0.022000s ]
[ info ] [ ROUTE ] array (
  'type' => 'module',
  'module' => 
  array (
    0 => 'admin',
    1 => NULL,
    2 => NULL,
  ),
)
[ info ] [ SESSION ] INIT array (
  'id' => '',
  'var_session_id' => '',
  'prefix' => 'think',
  'type' => '',
  'auto_start' => true,
)
[ info ] [ RUN ] Method [ <user> public method index ] {
  @@ E:\Wamp\www\OneBase\application\admin\controller\Index.php 8 - 14
}

[ info ] [ VIEW ] E:\Wamp\www\OneBase/application/admin\view\index\index.html [ array (
  0 => '__menu__',
  1 => 'meta_title',
) ]
[ info ] [ LANG ] E:\Wamp\www\OneBase\framework\lang\zh-cn.php
[ info ] [ LANG ] E:\Wamp\www\OneBase\framework\lang\zh-cn.php
[ info ] [ LOG ] INIT File: array (
  'path' => 'E:\\Wamp\\www\\OneBase\\runtime\\log\\',
)
[ sql ] [ SQL ] SELECT * FROM `ob_config`  [ RunTime:0.000000s ]
[ error ] [2]Illegal string offset 'main'[E:\Wamp\www\OneBase\runtime\temp\d9c86d4362549dcd36a5ba875899687c.php:32]

[ 2016-08-28T23:08:11+08:00 ] 127.0.0.1 127.0.0.1 GET /index.php/admin/
[ log ] www.ob.com/index.php/admin/ [运行时间：0.047000s][吞吐率：21.28req/s] [内存消耗：2,486.15kb] [文件加载：55]
[ info ] [ DB ] INIT mysql:array (
  'type' => 'mysql',
  'dsn' => '',
  'hostname' => '127.0.0.1',
  'database' => 'onebase',
  'username' => 'root',
  'password' => '',
  'hostport' => '3306',
  'params' => 
  array (
  ),
  'charset' => 'utf8',
  'prefix' => 'ob_',
  'debug' => true,
  'deploy' => 0,
  'rw_separate' => false,
  'master_num' => 1,
  'slave_no' => '',
  'fields_strict' => true,
  'auto_timestamp' => false,
  'resultset_type' => 'array',
  'sql_explain' => false,
)
[ info ] [ DB ] CONNECT: mysql:dbname=onebase;host=127.0.0.1;port=3306;charset=utf8
[ info ] [ BEHAVIOR ] Run app\common\behavior\InitHook @app_init [ RunTime:0.023000s ]
[ info ] [ ROUTE ] array (
  'type' => 'module',
  'module' => 
  array (
    0 => 'admin',
    1 => NULL,
    2 => NULL,
  ),
)
[ info ] [ SESSION ] INIT array (
  'id' => '',
  'var_session_id' => '',
  'prefix' => 'think',
  'type' => '',
  'auto_start' => true,
)
[ info ] [ RUN ] Method [ <user> public method index ] {
  @@ E:\Wamp\www\OneBase\application\admin\controller\Index.php 8 - 14
}

[ info ] [ VIEW ] E:\Wamp\www\OneBase/application/admin\view\index\index.html [ array (
  0 => '__menu__',
  1 => 'meta_title',
) ]
[ info ] [ LANG ] E:\Wamp\www\OneBase\framework\lang\zh-cn.php
[ info ] [ LANG ] E:\Wamp\www\OneBase\framework\lang\zh-cn.php
[ info ] [ LOG ] INIT File: array (
  'path' => 'E:\\Wamp\\www\\OneBase\\runtime\\log\\',
)
[ sql ] [ SQL ] SELECT * FROM `ob_config`  [ RunTime:0.000000s ]
[ error ] [2]Illegal string offset 'main'[E:\Wamp\www\OneBase\runtime\temp\d9c86d4362549dcd36a5ba875899687c.php:32]

[ 2016-08-28T23:08:12+08:00 ] 127.0.0.1 127.0.0.1 GET /index.php/admin/
[ log ] www.ob.com/index.php/admin/ [运行时间：0.045000s][吞吐率：22.22req/s] [内存消耗：2,486.14kb] [文件加载：55]
[ info ] [ DB ] INIT mysql:array (
  'type' => 'mysql',
  'dsn' => '',
  'hostname' => '127.0.0.1',
  'database' => 'onebase',
  'username' => 'root',
  'password' => '',
  'hostport' => '3306',
  'params' => 
  array (
  ),
  'charset' => 'utf8',
  'prefix' => 'ob_',
  'debug' => true,
  'deploy' => 0,
  'rw_separate' => false,
  'master_num' => 1,
  'slave_no' => '',
  'fields_strict' => true,
  'auto_timestamp' => false,
  'resultset_type' => 'array',
  'sql_explain' => false,
)
[ info ] [ DB ] CONNECT: mysql:dbname=onebase;host=127.0.0.1;port=3306;charset=utf8
[ info ] [ BEHAVIOR ] Run app\common\behavior\InitHook @app_init [ RunTime:0.023000s ]
[ info ] [ ROUTE ] array (
  'type' => 'module',
  'module' => 
  array (
    0 => 'admin',
    1 => NULL,
    2 => NULL,
  ),
)
[ info ] [ SESSION ] INIT array (
  'id' => '',
  'var_session_id' => '',
  'prefix' => 'think',
  'type' => '',
  'auto_start' => true,
)
[ info ] [ RUN ] Method [ <user> public method index ] {
  @@ E:\Wamp\www\OneBase\application\admin\controller\Index.php 8 - 14
}

[ info ] [ VIEW ] E:\Wamp\www\OneBase/application/admin\view\index\index.html [ array (
  0 => '__menu__',
  1 => 'meta_title',
) ]
[ info ] [ LANG ] E:\Wamp\www\OneBase\framework\lang\zh-cn.php
[ info ] [ LANG ] E:\Wamp\www\OneBase\framework\lang\zh-cn.php
[ info ] [ LOG ] INIT File: array (
  'path' => 'E:\\Wamp\\www\\OneBase\\runtime\\log\\',
)
[ sql ] [ SQL ] SELECT * FROM `ob_config`  [ RunTime:0.001000s ]
[ error ] [2]Illegal string offset 'main'[E:\Wamp\www\OneBase\runtime\temp\d9c86d4362549dcd36a5ba875899687c.php:32]

[ 2016-08-28T23:08:40+08:00 ] 127.0.0.1 127.0.0.1 GET /index.php/admin/
[ log ] www.ob.com/index.php/admin/ [运行时间：0.039000s][吞吐率：25.64req/s] [内存消耗：2,324.82kb] [文件加载：46]
[ info ] [ DB ] INIT mysql:array (
  'type' => 'mysql',
  'dsn' => '',
  'hostname' => '127.0.0.1',
  'database' => 'onebase',
  'username' => 'root',
  'password' => '',
  'hostport' => '3306',
  'params' => 
  array (
  ),
  'charset' => 'utf8',
  'prefix' => 'ob_',
  'debug' => true,
  'deploy' => 0,
  'rw_separate' => false,
  'master_num' => 1,
  'slave_no' => '',
  'fields_strict' => true,
  'auto_timestamp' => false,
  'resultset_type' => 'array',
  'sql_explain' => false,
)
[ info ] [ DB ] CONNECT: mysql:dbname=onebase;host=127.0.0.1;port=3306;charset=utf8
[ info ] [ BEHAVIOR ] Run app\common\behavior\InitHook @app_init [ RunTime:0.023000s ]
[ info ] [ ROUTE ] array (
  'type' => 'module',
  'module' => 
  array (
    0 => 'admin',
    1 => NULL,
    2 => NULL,
  ),
)
[ info ] [ SESSION ] INIT array (
  'id' => '',
  'var_session_id' => '',
  'prefix' => 'think',
  'type' => '',
  'auto_start' => true,
)
[ info ] [ LOG ] INIT File: array (
  'path' => 'E:\\Wamp\\www\\OneBase\\runtime\\log\\',
)
[ sql ] [ SQL ] SELECT * FROM `ob_config`  [ RunTime:0.001000s ]

[ 2016-08-28T23:08:41+08:00 ] 127.0.0.1 127.0.0.1 GET /index.php/admin/
[ log ] www.ob.com/index.php/admin/ [运行时间：0.037000s][吞吐率：27.03req/s] [内存消耗：2,324.82kb] [文件加载：46]
[ info ] [ DB ] INIT mysql:array (
  'type' => 'mysql',
  'dsn' => '',
  'hostname' => '127.0.0.1',
  'database' => 'onebase',
  'username' => 'root',
  'password' => '',
  'hostport' => '3306',
  'params' => 
  array (
  ),
  'charset' => 'utf8',
  'prefix' => 'ob_',
  'debug' => true,
  'deploy' => 0,
  'rw_separate' => false,
  'master_num' => 1,
  'slave_no' => '',
  'fields_strict' => true,
  'auto_timestamp' => false,
  'resultset_type' => 'array',
  'sql_explain' => false,
)
[ info ] [ DB ] CONNECT: mysql:dbname=onebase;host=127.0.0.1;port=3306;charset=utf8
[ info ] [ BEHAVIOR ] Run app\common\behavior\InitHook @app_init [ RunTime:0.021000s ]
[ info ] [ ROUTE ] array (
  'type' => 'module',
  'module' => 
  array (
    0 => 'admin',
    1 => NULL,
    2 => NULL,
  ),
)
[ info ] [ SESSION ] INIT array (
  'id' => '',
  'var_session_id' => '',
  'prefix' => 'think',
  'type' => '',
  'auto_start' => true,
)
[ info ] [ LOG ] INIT File: array (
  'path' => 'E:\\Wamp\\www\\OneBase\\runtime\\log\\',
)
[ sql ] [ SQL ] SELECT * FROM `ob_config`  [ RunTime:0.001000s ]

[ 2016-08-28T23:08:57+08:00 ] 127.0.0.1 127.0.0.1 GET /index.php/admin/
[ log ] www.ob.com/index.php/admin/ [运行时间：0.031000s][吞吐率：32.26req/s] [内存消耗：2,330.92kb] [文件加载：46]
[ info ] [ DB ] INIT mysql:array (
  'type' => 'mysql',
  'dsn' => '',
  'hostname' => '127.0.0.1',
  'database' => 'onebase',
  'username' => 'root',
  'password' => '',
  'hostport' => '3306',
  'params' => 
  array (
  ),
  'charset' => 'utf8',
  'prefix' => 'ob_',
  'debug' => true,
  'deploy' => 0,
  'rw_separate' => false,
  'master_num' => 1,
  'slave_no' => '',
  'fields_strict' => true,
  'auto_timestamp' => false,
  'resultset_type' => 'array',
  'sql_explain' => false,
)
[ info ] [ DB ] CONNECT: mysql:dbname=onebase;host=127.0.0.1;port=3306;charset=utf8
[ info ] [ BEHAVIOR ] Run app\common\behavior\InitHook @app_init [ RunTime:0.013000s ]
[ info ] [ ROUTE ] array (
  'type' => 'module',
  'module' => 
  array (
    0 => 'admin',
    1 => NULL,
    2 => NULL,
  ),
)
[ info ] [ SESSION ] INIT array (
  'id' => '',
  'var_session_id' => '',
  'prefix' => 'think',
  'type' => '',
  'auto_start' => true,
)
[ info ] [ LOG ] INIT File: array (
  'path' => 'E:\\Wamp\\www\\OneBase\\runtime\\log\\',
)
[ sql ] [ SQL ] SELECT * FROM `ob_config`  [ RunTime:0.000000s ]

[ 2016-08-28T23:10:47+08:00 ] 127.0.0.1 127.0.0.1 GET /index.php/admin/
[ log ] www.ob.com/index.php/admin/ [运行时间：0.040000s][吞吐率：25.00req/s] [内存消耗：2,331.13kb] [文件加载：46]
[ info ] [ DB ] INIT mysql:array (
  'type' => 'mysql',
  'dsn' => '',
  'hostname' => '127.0.0.1',
  'database' => 'onebase',
  'username' => 'root',
  'password' => '',
  'hostport' => '3306',
  'params' => 
  array (
  ),
  'charset' => 'utf8',
  'prefix' => 'ob_',
  'debug' => true,
  'deploy' => 0,
  'rw_separate' => false,
  'master_num' => 1,
  'slave_no' => '',
  'fields_strict' => true,
  'auto_timestamp' => false,
  'resultset_type' => 'array',
  'sql_explain' => false,
)
[ info ] [ DB ] CONNECT: mysql:dbname=onebase;host=127.0.0.1;port=3306;charset=utf8
[ info ] [ BEHAVIOR ] Run app\common\behavior\InitHook @app_init [ RunTime:0.022000s ]
[ info ] [ ROUTE ] array (
  'type' => 'module',
  'module' => 
  array (
    0 => 'admin',
    1 => NULL,
    2 => NULL,
  ),
)
[ info ] [ SESSION ] INIT array (
  'id' => '',
  'var_session_id' => '',
  'prefix' => 'think',
  'type' => '',
  'auto_start' => true,
)
[ info ] [ LOG ] INIT File: array (
  'path' => 'E:\\Wamp\\www\\OneBase\\runtime\\log\\',
)
[ sql ] [ SQL ] SELECT * FROM `ob_config`  [ RunTime:0.000000s ]

[ 2016-08-28T23:11:54+08:00 ] 127.0.0.1 127.0.0.1 GET /index.php/admin/
[ log ] www.ob.com/index.php/admin/ [运行时间：0.057000s][吞吐率：17.54req/s] [内存消耗：2,527.87kb] [文件加载：57]
[ info ] [ DB ] INIT mysql:array (
  'type' => 'mysql',
  'dsn' => '',
  'hostname' => '127.0.0.1',
  'database' => 'onebase',
  'username' => 'root',
  'password' => '',
  'hostport' => '3306',
  'params' => 
  array (
  ),
  'charset' => 'utf8',
  'prefix' => 'ob_',
  'debug' => true,
  'deploy' => 0,
  'rw_separate' => false,
  'master_num' => 1,
  'slave_no' => '',
  'fields_strict' => true,
  'auto_timestamp' => false,
  'resultset_type' => 'array',
  'sql_explain' => false,
)
[ info ] [ DB ] CONNECT: mysql:dbname=onebase;host=127.0.0.1;port=3306;charset=utf8
[ info ] [ BEHAVIOR ] Run app\common\behavior\InitHook @app_init [ RunTime:0.024000s ]
[ info ] [ ROUTE ] array (
  'type' => 'module',
  'module' => 
  array (
    0 => 'admin',
    1 => NULL,
    2 => NULL,
  ),
)
[ info ] [ SESSION ] INIT array (
  'id' => '',
  'var_session_id' => '',
  'prefix' => 'think',
  'type' => '',
  'auto_start' => true,
)
[ info ] [ RUN ] Method [ <user> public method index ] {
  @@ E:\Wamp\www\OneBase\application\admin\controller\Index.php 8 - 14
}

[ info ] [ VIEW ] E:\Wamp\www\OneBase/application/admin\view\index\index.html [ array (
  0 => '__menu__',
  1 => 'meta_title',
) ]
[ info ] [ LANG ] E:\Wamp\www\OneBase\framework\lang\zh-cn.php
[ info ] [ LANG ] E:\Wamp\www\OneBase\framework\lang\zh-cn.php
[ info ] [ LANG ] E:\Wamp\www\OneBase\framework\lang\zh-cn.php
[ info ] [ LANG ] E:\Wamp\www\OneBase\framework\lang\zh-cn.php
[ info ] [ LOG ] INIT File: array (
  'path' => 'E:\\Wamp\\www\\OneBase\\runtime\\log\\',
)
[ sql ] [ SQL ] SELECT * FROM `ob_config`  [ RunTime:0.001000s ]
[ error ] [2]Illegal string offset 'main'[E:\Wamp\www\OneBase\runtime\temp\d9c86d4362549dcd36a5ba875899687c.php:32]
[ error ] [1]Uncaught exception 'think\exception\HttpResponseException' in E:\Wamp\www\OneBase\framework\library\traits\controller\Jump.php:141
Stack trace:
#0 E:\Wamp\www\OneBase\application\common\controller\CommonBase.php(31) : eval()'d code(1): think\Controller->redirect('AdminPublic/log...')
#1 E:\Wamp\www\OneBase\application\common\controller\CommonBase.php(31): eval()
#2 [internal function]: app\common\controller\CommonBase->__destruct()
#3 {main}
  thrown[E:\Wamp\www\OneBase\framework\library\traits\controller\Jump.php:141]

[ 2016-08-28T23:11:55+08:00 ] 127.0.0.1 127.0.0.1 GET /index.php/admin/
[ log ] www.ob.com/index.php/admin/ [运行时间：0.052000s][吞吐率：19.23req/s] [内存消耗：2,527.87kb] [文件加载：57]
[ info ] [ DB ] INIT mysql:array (
  'type' => 'mysql',
  'dsn' => '',
  'hostname' => '127.0.0.1',
  'database' => 'onebase',
  'username' => 'root',
  'password' => '',
  'hostport' => '3306',
  'params' => 
  array (
  ),
  'charset' => 'utf8',
  'prefix' => 'ob_',
  'debug' => true,
  'deploy' => 0,
  'rw_separate' => false,
  'master_num' => 1,
  'slave_no' => '',
  'fields_strict' => true,
  'auto_timestamp' => false,
  'resultset_type' => 'array',
  'sql_explain' => false,
)
[ info ] [ DB ] CONNECT: mysql:dbname=onebase;host=127.0.0.1;port=3306;charset=utf8
[ info ] [ BEHAVIOR ] Run app\common\behavior\InitHook @app_init [ RunTime:0.023000s ]
[ info ] [ ROUTE ] array (
  'type' => 'module',
  'module' => 
  array (
    0 => 'admin',
    1 => NULL,
    2 => NULL,
  ),
)
[ info ] [ SESSION ] INIT array (
  'id' => '',
  'var_session_id' => '',
  'prefix' => 'think',
  'type' => '',
  'auto_start' => true,
)
[ info ] [ RUN ] Method [ <user> public method index ] {
  @@ E:\Wamp\www\OneBase\application\admin\controller\Index.php 8 - 14
}

[ info ] [ VIEW ] E:\Wamp\www\OneBase/application/admin\view\index\index.html [ array (
  0 => '__menu__',
  1 => 'meta_title',
) ]
[ info ] [ LANG ] E:\Wamp\www\OneBase\framework\lang\zh-cn.php
[ info ] [ LANG ] E:\Wamp\www\OneBase\framework\lang\zh-cn.php
[ info ] [ LANG ] E:\Wamp\www\OneBase\framework\lang\zh-cn.php
[ info ] [ LANG ] E:\Wamp\www\OneBase\framework\lang\zh-cn.php
[ info ] [ LOG ] INIT File: array (
  'path' => 'E:\\Wamp\\www\\OneBase\\runtime\\log\\',
)
[ sql ] [ SQL ] SELECT * FROM `ob_config`  [ RunTime:0.001000s ]
[ error ] [2]Illegal string offset 'main'[E:\Wamp\www\OneBase\runtime\temp\d9c86d4362549dcd36a5ba875899687c.php:32]
[ error ] [1]Uncaught exception 'think\exception\HttpResponseException' in E:\Wamp\www\OneBase\framework\library\traits\controller\Jump.php:141
Stack trace:
#0 E:\Wamp\www\OneBase\application\common\controller\CommonBase.php(31) : eval()'d code(1): think\Controller->redirect('AdminPublic/log...')
#1 E:\Wamp\www\OneBase\application\common\controller\CommonBase.php(31): eval()
#2 [internal function]: app\common\controller\CommonBase->__destruct()
#3 {main}
  thrown[E:\Wamp\www\OneBase\framework\library\traits\controller\Jump.php:141]

[ 2016-08-28T23:12:06+08:00 ] 127.0.0.1 127.0.0.1 GET /index.php/admin/
[ log ] www.ob.com/index.php/admin/ [运行时间：0.040000s][吞吐率：25.00req/s] [内存消耗：2,527.37kb] [文件加载：57]
[ info ] [ DB ] INIT mysql:array (
  'type' => 'mysql',
  'dsn' => '',
  'hostname' => '127.0.0.1',
  'database' => 'onebase',
  'username' => 'root',
  'password' => '',
  'hostport' => '3306',
  'params' => 
  array (
  ),
  'charset' => 'utf8',
  'prefix' => 'ob_',
  'debug' => true,
  'deploy' => 0,
  'rw_separate' => false,
  'master_num' => 1,
  'slave_no' => '',
  'fields_strict' => true,
  'auto_timestamp' => false,
  'resultset_type' => 'array',
  'sql_explain' => false,
)
[ info ] [ DB ] CONNECT: mysql:dbname=onebase;host=127.0.0.1;port=3306;charset=utf8
[ info ] [ BEHAVIOR ] Run app\common\behavior\InitHook @app_init [ RunTime:0.013000s ]
[ info ] [ ROUTE ] array (
  'type' => 'module',
  'module' => 
  array (
    0 => 'admin',
    1 => NULL,
    2 => NULL,
  ),
)
[ info ] [ SESSION ] INIT array (
  'id' => '',
  'var_session_id' => '',
  'prefix' => 'think',
  'type' => '',
  'auto_start' => true,
)
[ info ] [ RUN ] Method [ <user> public method index ] {
  @@ E:\Wamp\www\OneBase\application\admin\controller\Index.php 8 - 14
}

[ info ] [ VIEW ] E:\Wamp\www\OneBase/application/admin\view\index\index.html [ array (
  0 => 'meta_title',
) ]
[ info ] [ LANG ] E:\Wamp\www\OneBase\framework\lang\zh-cn.php
[ info ] [ LANG ] E:\Wamp\www\OneBase\framework\lang\zh-cn.php
[ info ] [ LANG ] E:\Wamp\www\OneBase\framework\lang\zh-cn.php
[ info ] [ LANG ] E:\Wamp\www\OneBase\framework\lang\zh-cn.php
[ info ] [ LOG ] INIT File: array (
  'path' => 'E:\\Wamp\\www\\OneBase\\runtime\\log\\',
)
[ sql ] [ SQL ] SELECT * FROM `ob_config`  [ RunTime:0.001000s ]
[ error ] [8]未定义变量 : __menu__[E:\Wamp\www\OneBase\runtime\temp\d9c86d4362549dcd36a5ba875899687c.php:32]
[ error ] [1]Uncaught exception 'think\exception\HttpResponseException' in E:\Wamp\www\OneBase\framework\library\traits\controller\Jump.php:141
Stack trace:
#0 E:\Wamp\www\OneBase\application\common\controller\CommonBase.php(31) : eval()'d code(1): think\Controller->redirect('AdminPublic/log...')
#1 E:\Wamp\www\OneBase\application\common\controller\CommonBase.php(31): eval()
#2 [internal function]: app\common\controller\CommonBase->__destruct()
#3 {main}
  thrown[E:\Wamp\www\OneBase\framework\library\traits\controller\Jump.php:141]

[ 2016-08-28T23:12:07+08:00 ] 127.0.0.1 127.0.0.1 GET /index.php/admin/
[ log ] www.ob.com/index.php/admin/ [运行时间：0.052000s][吞吐率：19.23req/s] [内存消耗：2,527.37kb] [文件加载：57]
[ info ] [ DB ] INIT mysql:array (
  'type' => 'mysql',
  'dsn' => '',
  'hostname' => '127.0.0.1',
  'database' => 'onebase',
  'username' => 'root',
  'password' => '',
  'hostport' => '3306',
  'params' => 
  array (
  ),
  'charset' => 'utf8',
  'prefix' => 'ob_',
  'debug' => true,
  'deploy' => 0,
  'rw_separate' => false,
  'master_num' => 1,
  'slave_no' => '',
  'fields_strict' => true,
  'auto_timestamp' => false,
  'resultset_type' => 'array',
  'sql_explain' => false,
)
[ info ] [ DB ] CONNECT: mysql:dbname=onebase;host=127.0.0.1;port=3306;charset=utf8
[ info ] [ BEHAVIOR ] Run app\common\behavior\InitHook @app_init [ RunTime:0.023000s ]
[ info ] [ ROUTE ] array (
  'type' => 'module',
  'module' => 
  array (
    0 => 'admin',
    1 => NULL,
    2 => NULL,
  ),
)
[ info ] [ SESSION ] INIT array (
  'id' => '',
  'var_session_id' => '',
  'prefix' => 'think',
  'type' => '',
  'auto_start' => true,
)
[ info ] [ RUN ] Method [ <user> public method index ] {
  @@ E:\Wamp\www\OneBase\application\admin\controller\Index.php 8 - 14
}

[ info ] [ VIEW ] E:\Wamp\www\OneBase/application/admin\view\index\index.html [ array (
  0 => 'meta_title',
) ]
[ info ] [ LANG ] E:\Wamp\www\OneBase\framework\lang\zh-cn.php
[ info ] [ LANG ] E:\Wamp\www\OneBase\framework\lang\zh-cn.php
[ info ] [ LANG ] E:\Wamp\www\OneBase\framework\lang\zh-cn.php
[ info ] [ LANG ] E:\Wamp\www\OneBase\framework\lang\zh-cn.php
[ info ] [ LOG ] INIT File: array (
  'path' => 'E:\\Wamp\\www\\OneBase\\runtime\\log\\',
)
[ sql ] [ SQL ] SELECT * FROM `ob_config`  [ RunTime:0.001000s ]
[ error ] [8]未定义变量 : __menu__[E:\Wamp\www\OneBase\runtime\temp\d9c86d4362549dcd36a5ba875899687c.php:32]
[ error ] [1]Uncaught exception 'think\exception\HttpResponseException' in E:\Wamp\www\OneBase\framework\library\traits\controller\Jump.php:141
Stack trace:
#0 E:\Wamp\www\OneBase\application\common\controller\CommonBase.php(31) : eval()'d code(1): think\Controller->redirect('AdminPublic/log...')
#1 E:\Wamp\www\OneBase\application\common\controller\CommonBase.php(31): eval()
#2 [internal function]: app\common\controller\CommonBase->__destruct()
#3 {main}
  thrown[E:\Wamp\www\OneBase\framework\library\traits\controller\Jump.php:141]

[ 2016-08-28T23:12:07+08:00 ] 127.0.0.1 127.0.0.1 GET /index.php/admin/
[ log ] www.ob.com/index.php/admin/ [运行时间：0.051000s][吞吐率：19.61req/s] [内存消耗：2,527.37kb] [文件加载：57]
[ info ] [ DB ] INIT mysql:array (
  'type' => 'mysql',
  'dsn' => '',
  'hostname' => '127.0.0.1',
  'database' => 'onebase',
  'username' => 'root',
  'password' => '',
  'hostport' => '3306',
  'params' => 
  array (
  ),
  'charset' => 'utf8',
  'prefix' => 'ob_',
  'debug' => true,
  'deploy' => 0,
  'rw_separate' => false,
  'master_num' => 1,
  'slave_no' => '',
  'fields_strict' => true,
  'auto_timestamp' => false,
  'resultset_type' => 'array',
  'sql_explain' => false,
)
[ info ] [ DB ] CONNECT: mysql:dbname=onebase;host=127.0.0.1;port=3306;charset=utf8
[ info ] [ BEHAVIOR ] Run app\common\behavior\InitHook @app_init [ RunTime:0.021000s ]
[ info ] [ ROUTE ] array (
  'type' => 'module',
  'module' => 
  array (
    0 => 'admin',
    1 => NULL,
    2 => NULL,
  ),
)
[ info ] [ SESSION ] INIT array (
  'id' => '',
  'var_session_id' => '',
  'prefix' => 'think',
  'type' => '',
  'auto_start' => true,
)
[ info ] [ RUN ] Method [ <user> public method index ] {
  @@ E:\Wamp\www\OneBase\application\admin\controller\Index.php 8 - 14
}

[ info ] [ VIEW ] E:\Wamp\www\OneBase/application/admin\view\index\index.html [ array (
  0 => 'meta_title',
) ]
[ info ] [ LANG ] E:\Wamp\www\OneBase\framework\lang\zh-cn.php
[ info ] [ LANG ] E:\Wamp\www\OneBase\framework\lang\zh-cn.php
[ info ] [ LANG ] E:\Wamp\www\OneBase\framework\lang\zh-cn.php
[ info ] [ LANG ] E:\Wamp\www\OneBase\framework\lang\zh-cn.php
[ info ] [ LOG ] INIT File: array (
  'path' => 'E:\\Wamp\\www\\OneBase\\runtime\\log\\',
)
[ sql ] [ SQL ] SELECT * FROM `ob_config`  [ RunTime:0.000000s ]
[ error ] [8]未定义变量 : __menu__[E:\Wamp\www\OneBase\runtime\temp\d9c86d4362549dcd36a5ba875899687c.php:32]
[ error ] [1]Uncaught exception 'think\exception\HttpResponseException' in E:\Wamp\www\OneBase\framework\library\traits\controller\Jump.php:141
Stack trace:
#0 E:\Wamp\www\OneBase\application\common\controller\CommonBase.php(31) : eval()'d code(1): think\Controller->redirect('AdminPublic/log...')
#1 E:\Wamp\www\OneBase\application\common\controller\CommonBase.php(31): eval()
#2 [internal function]: app\common\controller\CommonBase->__destruct()
#3 {main}
  thrown[E:\Wamp\www\OneBase\framework\library\traits\controller\Jump.php:141]

[ 2016-08-28T23:15:10+08:00 ] 127.0.0.1 127.0.0.1 GET /index.php/admin/
[ log ] www.ob.com/index.php/admin/ [运行时间：0.045000s][吞吐率：22.22req/s] [内存消耗：2,522.15kb] [文件加载：54]
[ info ] [ DB ] INIT mysql:array (
  'type' => 'mysql',
  'dsn' => '',
  'hostname' => '127.0.0.1',
  'database' => 'onebase',
  'username' => 'root',
  'password' => '',
  'hostport' => '3306',
  'params' => 
  array (
  ),
  'charset' => 'utf8',
  'prefix' => 'ob_',
  'debug' => true,
  'deploy' => 0,
  'rw_separate' => false,
  'master_num' => 1,
  'slave_no' => '',
  'fields_strict' => true,
  'auto_timestamp' => false,
  'resultset_type' => 'array',
  'sql_explain' => false,
)
[ info ] [ DB ] CONNECT: mysql:dbname=onebase;host=127.0.0.1;port=3306;charset=utf8
[ info ] [ BEHAVIOR ] Run app\common\behavior\InitHook @app_init [ RunTime:0.023000s ]
[ info ] [ ROUTE ] array (
  'type' => 'module',
  'module' => 
  array (
    0 => 'admin',
    1 => NULL,
    2 => NULL,
  ),
)
[ info ] [ SESSION ] INIT array (
  'id' => '',
  'var_session_id' => '',
  'prefix' => 'think',
  'type' => '',
  'auto_start' => true,
)
[ info ] [ BEHAVIOR ] Run app\common\behavior\EndHook @app_end [ RunTime:0.001000s ]
[ info ] [ CACHE ] INIT File:array (
  'type' => 'File',
  'path' => 'E:\\Wamp\\www\\OneBase\\runtime\\cache\\',
  'prefix' => '',
  'expire' => 0,
)
[ info ] [ LOG ] INIT File: array (
  'path' => 'E:\\Wamp\\www\\OneBase\\runtime\\log\\',
)
[ sql ] [ SQL ] SELECT * FROM `ob_config`  [ RunTime:0.001000s ]

[ 2016-08-28T23:15:10+08:00 ] 127.0.0.1 127.0.0.1 GET /index.php/admin/admin_public/login.html
[ log ] www.ob.com/index.php/admin/admin_public/login.html [运行时间：0.078000s][吞吐率：12.82req/s] [内存消耗：2,673.23kb] [文件加载：55]
[ info ] [ DB ] INIT mysql:array (
  'type' => 'mysql',
  'dsn' => '',
  'hostname' => '127.0.0.1',
  'database' => 'onebase',
  'username' => 'root',
  'password' => '',
  'hostport' => '3306',
  'params' => 
  array (
  ),
  'charset' => 'utf8',
  'prefix' => 'ob_',
  'debug' => true,
  'deploy' => 0,
  'rw_separate' => false,
  'master_num' => 1,
  'slave_no' => '',
  'fields_strict' => true,
  'auto_timestamp' => false,
  'resultset_type' => 'array',
  'sql_explain' => false,
)
[ info ] [ DB ] CONNECT: mysql:dbname=onebase;host=127.0.0.1;port=3306;charset=utf8
[ info ] [ BEHAVIOR ] Run app\common\behavior\InitHook @app_init [ RunTime:0.024000s ]
[ info ] [ ROUTE ] array (
  'type' => 'module',
  'module' => 
  array (
    0 => 'admin',
    1 => 'admin_public',
    2 => 'login',
  ),
)
[ info ] [ RUN ] /**
     * 后台用户登录
     */
Method [ <user> public method login ] {
  @@ E:\Wamp\www\OneBase\application\admin\controller\AdminPublic.php 24 - 30

  - Parameters [3] {
    Parameter #0 [ <optional> $username = '' ]
    Parameter #1 [ <optional> $password = '' ]
    Parameter #2 [ <optional> $verify = '' ]
  }
}

[ info ] [ SESSION ] INIT array (
  'id' => '',
  'var_session_id' => '',
  'prefix' => 'think',
  'type' => '',
  'auto_start' => true,
)
[ info ] [ VIEW ] E:\Wamp\www\OneBase/application/admin\view\public\login.html [ array (
) ]
[ info ] [ CACHE ] INIT File:array (
  'type' => 'File',
  'path' => 'E:\\Wamp\\www\\OneBase\\runtime\\cache\\',
  'prefix' => '',
  'expire' => 0,
)
[ info ] [ BEHAVIOR ] Run app\common\behavior\EndHook @app_end [ RunTime:0.000000s ]
[ info ] [ LOG ] INIT File: array (
  'path' => 'E:\\Wamp\\www\\OneBase\\runtime\\log\\',
)
[ sql ] [ SQL ] SELECT * FROM `ob_config`  [ RunTime:0.001000s ]

[ 2016-08-28T23:15:10+08:00 ] 127.0.0.1 127.0.0.1 GET /index.php/admin/admin_public/verify.html
[ log ] www.ob.com/index.php/admin/admin_public/verify.html [运行时间：0.059000s][吞吐率：16.95req/s] [内存消耗：2,352.91kb] [文件加载：48]
[ info ] [ DB ] INIT mysql:array (
  'type' => 'mysql',
  'dsn' => '',
  'hostname' => '127.0.0.1',
  'database' => 'onebase',
  'username' => 'root',
  'password' => '',
  'hostport' => '3306',
  'params' => 
  array (
  ),
  'charset' => 'utf8',
  'prefix' => 'ob_',
  'debug' => true,
  'deploy' => 0,
  'rw_separate' => false,
  'master_num' => 1,
  'slave_no' => '',
  'fields_strict' => true,
  'auto_timestamp' => false,
  'resultset_type' => 'array',
  'sql_explain' => false,
)
[ info ] [ DB ] CONNECT: mysql:dbname=onebase;host=127.0.0.1;port=3306;charset=utf8
[ info ] [ BEHAVIOR ] Run app\common\behavior\InitHook @app_init [ RunTime:0.015000s ]
[ info ] [ ROUTE ] array (
  'type' => 'module',
  'module' => 
  array (
    0 => 'admin',
    1 => 'admin_public',
    2 => 'verify',
  ),
)
[ info ] [ RUN ] /**
     * 验证码
     */
Method [ <user> public method verify ] {
  @@ E:\Wamp\www\OneBase\application\admin\controller\AdminPublic.php 42 - 47

  - Parameters [2] {
    Parameter #0 [ <optional> $id = 1 ]
    Parameter #1 [ <optional> $length = 5 ]
  }
}

[ info ] [ SESSION ] INIT array (
  'id' => '',
  'var_session_id' => '',
  'prefix' => 'think',
  'type' => '',
  'auto_start' => true,
)
[ info ] [ BEHAVIOR ] Run app\common\behavior\EndHook @app_end [ RunTime:0.000000s ]
[ info ] [ LOG ] INIT File: array (
  'path' => 'E:\\Wamp\\www\\OneBase\\runtime\\log\\',
)
[ sql ] [ SQL ] SELECT * FROM `ob_config`  [ RunTime:0.001000s ]

[ 2016-08-28T23:15:11+08:00 ] 127.0.0.1 127.0.0.1 GET /index.php/admin/admin_public/login.html
[ log ] www.ob.com/index.php/admin/admin_public/login.html [运行时间：0.043000s][吞吐率：23.26req/s] [内存消耗：2,508.47kb] [文件加载：53]
[ info ] [ DB ] INIT mysql:array (
  'type' => 'mysql',
  'dsn' => '',
  'hostname' => '127.0.0.1',
  'database' => 'onebase',
  'username' => 'root',
  'password' => '',
  'hostport' => '3306',
  'params' => 
  array (
  ),
  'charset' => 'utf8',
  'prefix' => 'ob_',
  'debug' => true,
  'deploy' => 0,
  'rw_separate' => false,
  'master_num' => 1,
  'slave_no' => '',
  'fields_strict' => true,
  'auto_timestamp' => false,
  'resultset_type' => 'array',
  'sql_explain' => false,
)
[ info ] [ DB ] CONNECT: mysql:dbname=onebase;host=127.0.0.1;port=3306;charset=utf8
[ info ] [ BEHAVIOR ] Run app\common\behavior\InitHook @app_init [ RunTime:0.023000s ]
[ info ] [ ROUTE ] array (
  'type' => 'module',
  'module' => 
  array (
    0 => 'admin',
    1 => 'admin_public',
    2 => 'login',
  ),
)
[ info ] [ RUN ] /**
     * 后台用户登录
     */
Method [ <user> public method login ] {
  @@ E:\Wamp\www\OneBase\application\admin\controller\AdminPublic.php 24 - 30

  - Parameters [3] {
    Parameter #0 [ <optional> $username = '' ]
    Parameter #1 [ <optional> $password = '' ]
    Parameter #2 [ <optional> $verify = '' ]
  }
}

[ info ] [ SESSION ] INIT array (
  'id' => '',
  'var_session_id' => '',
  'prefix' => 'think',
  'type' => '',
  'auto_start' => true,
)
[ info ] [ VIEW ] E:\Wamp\www\OneBase/application/admin\view\public\login.html [ array (
) ]
[ info ] [ CACHE ] INIT File:array (
  'type' => 'File',
  'path' => 'E:\\Wamp\\www\\OneBase\\runtime\\cache\\',
  'prefix' => '',
  'expire' => 0,
)
[ info ] [ BEHAVIOR ] Run app\common\behavior\EndHook @app_end [ RunTime:0.000000s ]
[ info ] [ LOG ] INIT File: array (
  'path' => 'E:\\Wamp\\www\\OneBase\\runtime\\log\\',
)
[ sql ] [ SQL ] SELECT * FROM `ob_config`  [ RunTime:0.001000s ]

[ 2016-08-28T23:15:11+08:00 ] 127.0.0.1 127.0.0.1 GET /index.php/admin/admin_public/verify.html
[ log ] www.ob.com/index.php/admin/admin_public/verify.html [运行时间：0.073000s][吞吐率：13.70req/s] [内存消耗：2,353.03kb] [文件加载：48]
[ info ] [ DB ] INIT mysql:array (
  'type' => 'mysql',
  'dsn' => '',
  'hostname' => '127.0.0.1',
  'database' => 'onebase',
  'username' => 'root',
  'password' => '',
  'hostport' => '3306',
  'params' => 
  array (
  ),
  'charset' => 'utf8',
  'prefix' => 'ob_',
  'debug' => true,
  'deploy' => 0,
  'rw_separate' => false,
  'master_num' => 1,
  'slave_no' => '',
  'fields_strict' => true,
  'auto_timestamp' => false,
  'resultset_type' => 'array',
  'sql_explain' => false,
)
[ info ] [ DB ] CONNECT: mysql:dbname=onebase;host=127.0.0.1;port=3306;charset=utf8
[ info ] [ BEHAVIOR ] Run app\common\behavior\InitHook @app_init [ RunTime:0.023000s ]
[ info ] [ ROUTE ] array (
  'type' => 'module',
  'module' => 
  array (
    0 => 'admin',
    1 => 'admin_public',
    2 => 'verify',
  ),
)
[ info ] [ RUN ] /**
     * 验证码
     */
Method [ <user> public method verify ] {
  @@ E:\Wamp\www\OneBase\application\admin\controller\AdminPublic.php 42 - 47

  - Parameters [2] {
    Parameter #0 [ <optional> $id = 1 ]
    Parameter #1 [ <optional> $length = 5 ]
  }
}

[ info ] [ SESSION ] INIT array (
  'id' => '',
  'var_session_id' => '',
  'prefix' => 'think',
  'type' => '',
  'auto_start' => true,
)
[ info ] [ BEHAVIOR ] Run app\common\behavior\EndHook @app_end [ RunTime:0.000000s ]
[ info ] [ LOG ] INIT File: array (
  'path' => 'E:\\Wamp\\www\\OneBase\\runtime\\log\\',
)
[ sql ] [ SQL ] SELECT * FROM `ob_config`  [ RunTime:0.001000s ]

[ 2016-08-28T23:15:12+08:00 ] 127.0.0.1 127.0.0.1 GET /index.php/admin/admin_public/login.html
[ log ] www.ob.com/index.php/admin/admin_public/login.html [运行时间：0.044000s][吞吐率：22.73req/s] [内存消耗：2,508.47kb] [文件加载：53]
[ info ] [ DB ] INIT mysql:array (
  'type' => 'mysql',
  'dsn' => '',
  'hostname' => '127.0.0.1',
  'database' => 'onebase',
  'username' => 'root',
  'password' => '',
  'hostport' => '3306',
  'params' => 
  array (
  ),
  'charset' => 'utf8',
  'prefix' => 'ob_',
  'debug' => true,
  'deploy' => 0,
  'rw_separate' => false,
  'master_num' => 1,
  'slave_no' => '',
  'fields_strict' => true,
  'auto_timestamp' => false,
  'resultset_type' => 'array',
  'sql_explain' => false,
)
[ info ] [ DB ] CONNECT: mysql:dbname=onebase;host=127.0.0.1;port=3306;charset=utf8
[ info ] [ BEHAVIOR ] Run app\common\behavior\InitHook @app_init [ RunTime:0.022000s ]
[ info ] [ ROUTE ] array (
  'type' => 'module',
  'module' => 
  array (
    0 => 'admin',
    1 => 'admin_public',
    2 => 'login',
  ),
)
[ info ] [ RUN ] /**
     * 后台用户登录
     */
Method [ <user> public method login ] {
  @@ E:\Wamp\www\OneBase\application\admin\controller\AdminPublic.php 24 - 30

  - Parameters [3] {
    Parameter #0 [ <optional> $username = '' ]
    Parameter #1 [ <optional> $password = '' ]
    Parameter #2 [ <optional> $verify = '' ]
  }
}

[ info ] [ SESSION ] INIT array (
  'id' => '',
  'var_session_id' => '',
  'prefix' => 'think',
  'type' => '',
  'auto_start' => true,
)
[ info ] [ VIEW ] E:\Wamp\www\OneBase/application/admin\view\public\login.html [ array (
) ]
[ info ] [ CACHE ] INIT File:array (
  'type' => 'File',
  'path' => 'E:\\Wamp\\www\\OneBase\\runtime\\cache\\',
  'prefix' => '',
  'expire' => 0,
)
[ info ] [ BEHAVIOR ] Run app\common\behavior\EndHook @app_end [ RunTime:0.000000s ]
[ info ] [ LOG ] INIT File: array (
  'path' => 'E:\\Wamp\\www\\OneBase\\runtime\\log\\',
)
[ sql ] [ SQL ] SELECT * FROM `ob_config`  [ RunTime:0.000000s ]

[ 2016-08-28T23:15:12+08:00 ] 127.0.0.1 127.0.0.1 GET /index.php/admin/admin_public/verify.html
[ log ] www.ob.com/index.php/admin/admin_public/verify.html [运行时间：0.050000s][吞吐率：20.00req/s] [内存消耗：2,353.03kb] [文件加载：48]
[ info ] [ DB ] INIT mysql:array (
  'type' => 'mysql',
  'dsn' => '',
  'hostname' => '127.0.0.1',
  'database' => 'onebase',
  'username' => 'root',
  'password' => '',
  'hostport' => '3306',
  'params' => 
  array (
  ),
  'charset' => 'utf8',
  'prefix' => 'ob_',
  'debug' => true,
  'deploy' => 0,
  'rw_separate' => false,
  'master_num' => 1,
  'slave_no' => '',
  'fields_strict' => true,
  'auto_timestamp' => false,
  'resultset_type' => 'array',
  'sql_explain' => false,
)
[ info ] [ DB ] CONNECT: mysql:dbname=onebase;host=127.0.0.1;port=3306;charset=utf8
[ info ] [ BEHAVIOR ] Run app\common\behavior\InitHook @app_init [ RunTime:0.023000s ]
[ info ] [ ROUTE ] array (
  'type' => 'module',
  'module' => 
  array (
    0 => 'admin',
    1 => 'admin_public',
    2 => 'verify',
  ),
)
[ info ] [ RUN ] /**
     * 验证码
     */
Method [ <user> public method verify ] {
  @@ E:\Wamp\www\OneBase\application\admin\controller\AdminPublic.php 42 - 47

  - Parameters [2] {
    Parameter #0 [ <optional> $id = 1 ]
    Parameter #1 [ <optional> $length = 5 ]
  }
}

[ info ] [ SESSION ] INIT array (
  'id' => '',
  'var_session_id' => '',
  'prefix' => 'think',
  'type' => '',
  'auto_start' => true,
)
[ info ] [ BEHAVIOR ] Run app\common\behavior\EndHook @app_end [ RunTime:0.000000s ]
[ info ] [ LOG ] INIT File: array (
  'path' => 'E:\\Wamp\\www\\OneBase\\runtime\\log\\',
)
[ sql ] [ SQL ] SELECT * FROM `ob_config`  [ RunTime:0.000000s ]

[ 2016-08-28T23:15:12+08:00 ] 127.0.0.1 127.0.0.1 GET /index.php/admin/admin_public/login.html
[ log ] www.ob.com/index.php/admin/admin_public/login.html [运行时间：0.045000s][吞吐率：22.22req/s] [内存消耗：2,508.47kb] [文件加载：53]
[ info ] [ DB ] INIT mysql:array (
  'type' => 'mysql',
  'dsn' => '',
  'hostname' => '127.0.0.1',
  'database' => 'onebase',
  'username' => 'root',
  'password' => '',
  'hostport' => '3306',
  'params' => 
  array (
  ),
  'charset' => 'utf8',
  'prefix' => 'ob_',
  'debug' => true,
  'deploy' => 0,
  'rw_separate' => false,
  'master_num' => 1,
  'slave_no' => '',
  'fields_strict' => true,
  'auto_timestamp' => false,
  'resultset_type' => 'array',
  'sql_explain' => false,
)
[ info ] [ DB ] CONNECT: mysql:dbname=onebase;host=127.0.0.1;port=3306;charset=utf8
[ info ] [ BEHAVIOR ] Run app\common\behavior\InitHook @app_init [ RunTime:0.024000s ]
[ info ] [ ROUTE ] array (
  'type' => 'module',
  'module' => 
  array (
    0 => 'admin',
    1 => 'admin_public',
    2 => 'login',
  ),
)
[ info ] [ RUN ] /**
     * 后台用户登录
     */
Method [ <user> public method login ] {
  @@ E:\Wamp\www\OneBase\application\admin\controller\AdminPublic.php 24 - 30

  - Parameters [3] {
    Parameter #0 [ <optional> $username = '' ]
    Parameter #1 [ <optional> $password = '' ]
    Parameter #2 [ <optional> $verify = '' ]
  }
}

[ info ] [ SESSION ] INIT array (
  'id' => '',
  'var_session_id' => '',
  'prefix' => 'think',
  'type' => '',
  'auto_start' => true,
)
[ info ] [ VIEW ] E:\Wamp\www\OneBase/application/admin\view\public\login.html [ array (
) ]
[ info ] [ CACHE ] INIT File:array (
  'type' => 'File',
  'path' => 'E:\\Wamp\\www\\OneBase\\runtime\\cache\\',
  'prefix' => '',
  'expire' => 0,
)
[ info ] [ BEHAVIOR ] Run app\common\behavior\EndHook @app_end [ RunTime:0.001000s ]
[ info ] [ LOG ] INIT File: array (
  'path' => 'E:\\Wamp\\www\\OneBase\\runtime\\log\\',
)
[ sql ] [ SQL ] SELECT * FROM `ob_config`  [ RunTime:0.001000s ]

[ 2016-08-28T23:15:12+08:00 ] 127.0.0.1 127.0.0.1 GET /index.php/admin/admin_public/verify.html
[ log ] www.ob.com/index.php/admin/admin_public/verify.html [运行时间：0.073000s][吞吐率：13.70req/s] [内存消耗：2,353.03kb] [文件加载：48]
[ info ] [ DB ] INIT mysql:array (
  'type' => 'mysql',
  'dsn' => '',
  'hostname' => '127.0.0.1',
  'database' => 'onebase',
  'username' => 'root',
  'password' => '',
  'hostport' => '3306',
  'params' => 
  array (
  ),
  'charset' => 'utf8',
  'prefix' => 'ob_',
  'debug' => true,
  'deploy' => 0,
  'rw_separate' => false,
  'master_num' => 1,
  'slave_no' => '',
  'fields_strict' => true,
  'auto_timestamp' => false,
  'resultset_type' => 'array',
  'sql_explain' => false,
)
[ info ] [ DB ] CONNECT: mysql:dbname=onebase;host=127.0.0.1;port=3306;charset=utf8
[ info ] [ BEHAVIOR ] Run app\common\behavior\InitHook @app_init [ RunTime:0.022000s ]
[ info ] [ ROUTE ] array (
  'type' => 'module',
  'module' => 
  array (
    0 => 'admin',
    1 => 'admin_public',
    2 => 'verify',
  ),
)
[ info ] [ RUN ] /**
     * 验证码
     */
Method [ <user> public method verify ] {
  @@ E:\Wamp\www\OneBase\application\admin\controller\AdminPublic.php 42 - 47

  - Parameters [2] {
    Parameter #0 [ <optional> $id = 1 ]
    Parameter #1 [ <optional> $length = 5 ]
  }
}

[ info ] [ SESSION ] INIT array (
  'id' => '',
  'var_session_id' => '',
  'prefix' => 'think',
  'type' => '',
  'auto_start' => true,
)
[ info ] [ BEHAVIOR ] Run app\common\behavior\EndHook @app_end [ RunTime:0.000000s ]
[ info ] [ LOG ] INIT File: array (
  'path' => 'E:\\Wamp\\www\\OneBase\\runtime\\log\\',
)
[ sql ] [ SQL ] SELECT * FROM `ob_config`  [ RunTime:0.001000s ]

[ 2016-08-28T23:15:12+08:00 ] 127.0.0.1 127.0.0.1 GET /index.php/admin/admin_public/login.html
[ log ] www.ob.com/index.php/admin/admin_public/login.html [运行时间：0.045000s][吞吐率：22.22req/s] [内存消耗：2,508.47kb] [文件加载：53]
[ info ] [ DB ] INIT mysql:array (
  'type' => 'mysql',
  'dsn' => '',
  'hostname' => '127.0.0.1',
  'database' => 'onebase',
  'username' => 'root',
  'password' => '',
  'hostport' => '3306',
  'params' => 
  array (
  ),
  'charset' => 'utf8',
  'prefix' => 'ob_',
  'debug' => true,
  'deploy' => 0,
  'rw_separate' => false,
  'master_num' => 1,
  'slave_no' => '',
  'fields_strict' => true,
  'auto_timestamp' => false,
  'resultset_type' => 'array',
  'sql_explain' => false,
)
[ info ] [ DB ] CONNECT: mysql:dbname=onebase;host=127.0.0.1;port=3306;charset=utf8
[ info ] [ BEHAVIOR ] Run app\common\behavior\InitHook @app_init [ RunTime:0.023000s ]
[ info ] [ ROUTE ] array (
  'type' => 'module',
  'module' => 
  array (
    0 => 'admin',
    1 => 'admin_public',
    2 => 'login',
  ),
)
[ info ] [ RUN ] /**
     * 后台用户登录
     */
Method [ <user> public method login ] {
  @@ E:\Wamp\www\OneBase\application\admin\controller\AdminPublic.php 24 - 30

  - Parameters [3] {
    Parameter #0 [ <optional> $username = '' ]
    Parameter #1 [ <optional> $password = '' ]
    Parameter #2 [ <optional> $verify = '' ]
  }
}

[ info ] [ SESSION ] INIT array (
  'id' => '',
  'var_session_id' => '',
  'prefix' => 'think',
  'type' => '',
  'auto_start' => true,
)
[ info ] [ VIEW ] E:\Wamp\www\OneBase/application/admin\view\public\login.html [ array (
) ]
[ info ] [ CACHE ] INIT File:array (
  'type' => 'File',
  'path' => 'E:\\Wamp\\www\\OneBase\\runtime\\cache\\',
  'prefix' => '',
  'expire' => 0,
)
[ info ] [ BEHAVIOR ] Run app\common\behavior\EndHook @app_end [ RunTime:0.001000s ]
[ info ] [ LOG ] INIT File: array (
  'path' => 'E:\\Wamp\\www\\OneBase\\runtime\\log\\',
)
[ sql ] [ SQL ] SELECT * FROM `ob_config`  [ RunTime:0.001000s ]

[ 2016-08-28T23:15:13+08:00 ] 127.0.0.1 127.0.0.1 GET /index.php/admin/admin_public/verify.html
[ log ] www.ob.com/index.php/admin/admin_public/verify.html [运行时间：0.081000s][吞吐率：12.35req/s] [内存消耗：2,353.03kb] [文件加载：48]
[ info ] [ DB ] INIT mysql:array (
  'type' => 'mysql',
  'dsn' => '',
  'hostname' => '127.0.0.1',
  'database' => 'onebase',
  'username' => 'root',
  'password' => '',
  'hostport' => '3306',
  'params' => 
  array (
  ),
  'charset' => 'utf8',
  'prefix' => 'ob_',
  'debug' => true,
  'deploy' => 0,
  'rw_separate' => false,
  'master_num' => 1,
  'slave_no' => '',
  'fields_strict' => true,
  'auto_timestamp' => false,
  'resultset_type' => 'array',
  'sql_explain' => false,
)
[ info ] [ DB ] CONNECT: mysql:dbname=onebase;host=127.0.0.1;port=3306;charset=utf8
[ info ] [ BEHAVIOR ] Run app\common\behavior\InitHook @app_init [ RunTime:0.017000s ]
[ info ] [ ROUTE ] array (
  'type' => 'module',
  'module' => 
  array (
    0 => 'admin',
    1 => 'admin_public',
    2 => 'verify',
  ),
)
[ info ] [ RUN ] /**
     * 验证码
     */
Method [ <user> public method verify ] {
  @@ E:\Wamp\www\OneBase\application\admin\controller\AdminPublic.php 42 - 47

  - Parameters [2] {
    Parameter #0 [ <optional> $id = 1 ]
    Parameter #1 [ <optional> $length = 5 ]
  }
}

[ info ] [ SESSION ] INIT array (
  'id' => '',
  'var_session_id' => '',
  'prefix' => 'think',
  'type' => '',
  'auto_start' => true,
)
[ info ] [ BEHAVIOR ] Run app\common\behavior\EndHook @app_end [ RunTime:0.001000s ]
[ info ] [ LOG ] INIT File: array (
  'path' => 'E:\\Wamp\\www\\OneBase\\runtime\\log\\',
)
[ sql ] [ SQL ] SELECT * FROM `ob_config`  [ RunTime:0.001000s ]

[ 2016-08-28T23:15:13+08:00 ] 127.0.0.1 127.0.0.1 GET /index.php/admin/admin_public/login.html
[ log ] www.ob.com/index.php/admin/admin_public/login.html [运行时间：0.046000s][吞吐率：21.74req/s] [内存消耗：2,508.47kb] [文件加载：53]
[ info ] [ DB ] INIT mysql:array (
  'type' => 'mysql',
  'dsn' => '',
  'hostname' => '127.0.0.1',
  'database' => 'onebase',
  'username' => 'root',
  'password' => '',
  'hostport' => '3306',
  'params' => 
  array (
  ),
  'charset' => 'utf8',
  'prefix' => 'ob_',
  'debug' => true,
  'deploy' => 0,
  'rw_separate' => false,
  'master_num' => 1,
  'slave_no' => '',
  'fields_strict' => true,
  'auto_timestamp' => false,
  'resultset_type' => 'array',
  'sql_explain' => false,
)
[ info ] [ DB ] CONNECT: mysql:dbname=onebase;host=127.0.0.1;port=3306;charset=utf8
[ info ] [ BEHAVIOR ] Run app\common\behavior\InitHook @app_init [ RunTime:0.024000s ]
[ info ] [ ROUTE ] array (
  'type' => 'module',
  'module' => 
  array (
    0 => 'admin',
    1 => 'admin_public',
    2 => 'login',
  ),
)
[ info ] [ RUN ] /**
     * 后台用户登录
     */
Method [ <user> public method login ] {
  @@ E:\Wamp\www\OneBase\application\admin\controller\AdminPublic.php 24 - 30

  - Parameters [3] {
    Parameter #0 [ <optional> $username = '' ]
    Parameter #1 [ <optional> $password = '' ]
    Parameter #2 [ <optional> $verify = '' ]
  }
}

[ info ] [ SESSION ] INIT array (
  'id' => '',
  'var_session_id' => '',
  'prefix' => 'think',
  'type' => '',
  'auto_start' => true,
)
[ info ] [ VIEW ] E:\Wamp\www\OneBase/application/admin\view\public\login.html [ array (
) ]
[ info ] [ CACHE ] INIT File:array (
  'type' => 'File',
  'path' => 'E:\\Wamp\\www\\OneBase\\runtime\\cache\\',
  'prefix' => '',
  'expire' => 0,
)
[ info ] [ BEHAVIOR ] Run app\common\behavior\EndHook @app_end [ RunTime:0.001000s ]
[ info ] [ LOG ] INIT File: array (
  'path' => 'E:\\Wamp\\www\\OneBase\\runtime\\log\\',
)
[ sql ] [ SQL ] SELECT * FROM `ob_config`  [ RunTime:0.001000s ]

[ 2016-08-28T23:15:13+08:00 ] 127.0.0.1 127.0.0.1 GET /index.php/admin/admin_public/verify.html
[ log ] www.ob.com/index.php/admin/admin_public/verify.html [运行时间：0.068000s][吞吐率：14.71req/s] [内存消耗：2,353.03kb] [文件加载：48]
[ info ] [ DB ] INIT mysql:array (
  'type' => 'mysql',
  'dsn' => '',
  'hostname' => '127.0.0.1',
  'database' => 'onebase',
  'username' => 'root',
  'password' => '',
  'hostport' => '3306',
  'params' => 
  array (
  ),
  'charset' => 'utf8',
  'prefix' => 'ob_',
  'debug' => true,
  'deploy' => 0,
  'rw_separate' => false,
  'master_num' => 1,
  'slave_no' => '',
  'fields_strict' => true,
  'auto_timestamp' => false,
  'resultset_type' => 'array',
  'sql_explain' => false,
)
[ info ] [ DB ] CONNECT: mysql:dbname=onebase;host=127.0.0.1;port=3306;charset=utf8
[ info ] [ BEHAVIOR ] Run app\common\behavior\InitHook @app_init [ RunTime:0.024000s ]
[ info ] [ ROUTE ] array (
  'type' => 'module',
  'module' => 
  array (
    0 => 'admin',
    1 => 'admin_public',
    2 => 'verify',
  ),
)
[ info ] [ RUN ] /**
     * 验证码
     */
Method [ <user> public method verify ] {
  @@ E:\Wamp\www\OneBase\application\admin\controller\AdminPublic.php 42 - 47

  - Parameters [2] {
    Parameter #0 [ <optional> $id = 1 ]
    Parameter #1 [ <optional> $length = 5 ]
  }
}

[ info ] [ SESSION ] INIT array (
  'id' => '',
  'var_session_id' => '',
  'prefix' => 'think',
  'type' => '',
  'auto_start' => true,
)
[ info ] [ BEHAVIOR ] Run app\common\behavior\EndHook @app_end [ RunTime:0.000000s ]
[ info ] [ LOG ] INIT File: array (
  'path' => 'E:\\Wamp\\www\\OneBase\\runtime\\log\\',
)
[ sql ] [ SQL ] SELECT * FROM `ob_config`  [ RunTime:0.001000s ]

[ 2016-08-28T23:15:17+08:00 ] 127.0.0.1 127.0.0.1 POST /index.php/admin/admin_public/login.html
[ log ] www.ob.com/index.php/admin/admin_public/login.html [运行时间：0.043000s][吞吐率：23.26req/s] [内存消耗：2,569.61kb] [文件加载：55]
[ info ] [ DB ] INIT mysql:array (
  'type' => 'mysql',
  'dsn' => '',
  'hostname' => '127.0.0.1',
  'database' => 'onebase',
  'username' => 'root',
  'password' => '',
  'hostport' => '3306',
  'params' => 
  array (
  ),
  'charset' => 'utf8',
  'prefix' => 'ob_',
  'debug' => true,
  'deploy' => 0,
  'rw_separate' => false,
  'master_num' => 1,
  'slave_no' => '',
  'fields_strict' => true,
  'auto_timestamp' => false,
  'resultset_type' => 'array',
  'sql_explain' => false,
)
[ info ] [ DB ] CONNECT: mysql:dbname=onebase;host=127.0.0.1;port=3306;charset=utf8
[ info ] [ BEHAVIOR ] Run app\common\behavior\InitHook @app_init [ RunTime:0.021000s ]
[ info ] [ ROUTE ] array (
  'type' => 'module',
  'module' => 
  array (
    0 => 'admin',
    1 => 'admin_public',
    2 => 'login',
  ),
)
[ info ] [ RUN ] /**
     * 后台用户登录
     */
Method [ <user> public method login ] {
  @@ E:\Wamp\www\OneBase\application\admin\controller\AdminPublic.php 24 - 30

  - Parameters [3] {
    Parameter #0 [ <optional> $username = '' ]
    Parameter #1 [ <optional> $password = '' ]
    Parameter #2 [ <optional> $verify = '' ]
  }
}

[ info ] [ SESSION ] INIT array (
  'id' => '',
  'var_session_id' => '',
  'prefix' => 'think',
  'type' => '',
  'auto_start' => true,
)
[ info ] [ VIEW ] E:\Wamp\www\OneBase/application/admin\view\public\login.html [ array (
) ]
[ info ] [ CACHE ] INIT File:array (
  'type' => 'File',
  'path' => 'E:\\Wamp\\www\\OneBase\\runtime\\cache\\',
  'prefix' => '',
  'expire' => 0,
)
[ info ] [ BEHAVIOR ] Run app\common\behavior\EndHook @app_end [ RunTime:0.000000s ]
[ info ] [ LOG ] INIT File: array (
  'path' => 'E:\\Wamp\\www\\OneBase\\runtime\\log\\',
)
[ sql ] [ SQL ] SELECT * FROM `ob_config`  [ RunTime:0.000000s ]

[ 2016-08-28T23:15:17+08:00 ] 127.0.0.1 127.0.0.1 GET /index.php/admin/admin_public/verify.html?0.3013835727542138
[ log ] www.ob.com/index.php/admin/admin_public/verify.html?0.3013835727542138 [运行时间：0.043000s][吞吐率：23.26req/s] [内存消耗：2,353.14kb] [文件加载：48]
[ info ] [ DB ] INIT mysql:array (
  'type' => 'mysql',
  'dsn' => '',
  'hostname' => '127.0.0.1',
  'database' => 'onebase',
  'username' => 'root',
  'password' => '',
  'hostport' => '3306',
  'params' => 
  array (
  ),
  'charset' => 'utf8',
  'prefix' => 'ob_',
  'debug' => true,
  'deploy' => 0,
  'rw_separate' => false,
  'master_num' => 1,
  'slave_no' => '',
  'fields_strict' => true,
  'auto_timestamp' => false,
  'resultset_type' => 'array',
  'sql_explain' => false,
)
[ info ] [ DB ] CONNECT: mysql:dbname=onebase;host=127.0.0.1;port=3306;charset=utf8
[ info ] [ BEHAVIOR ] Run app\common\behavior\InitHook @app_init [ RunTime:0.014000s ]
[ info ] [ ROUTE ] array (
  'type' => 'module',
  'module' => 
  array (
    0 => 'admin',
    1 => 'admin_public',
    2 => 'verify',
  ),
)
[ info ] [ RUN ] /**
     * 验证码
     */
Method [ <user> public method verify ] {
  @@ E:\Wamp\www\OneBase\application\admin\controller\AdminPublic.php 42 - 47

  - Parameters [2] {
    Parameter #0 [ <optional> $id = 1 ]
    Parameter #1 [ <optional> $length = 5 ]
  }
}

[ info ] [ SESSION ] INIT array (
  'id' => '',
  'var_session_id' => '',
  'prefix' => 'think',
  'type' => '',
  'auto_start' => true,
)
[ info ] [ BEHAVIOR ] Run app\common\behavior\EndHook @app_end [ RunTime:0.001000s ]
[ info ] [ LOG ] INIT File: array (
  'path' => 'E:\\Wamp\\www\\OneBase\\runtime\\log\\',
)
[ sql ] [ SQL ] SELECT * FROM `ob_config`  [ RunTime:0.001000s ]

[ 2016-08-28T23:15:22+08:00 ] 127.0.0.1 127.0.0.1 POST /index.php/admin/admin_public/login.html
[ log ] www.ob.com/index.php/admin/admin_public/login.html [运行时间：0.048000s][吞吐率：20.83req/s] [内存消耗：2,555.64kb] [文件加载：55]
[ info ] [ DB ] INIT mysql:array (
  'type' => 'mysql',
  'dsn' => '',
  'hostname' => '127.0.0.1',
  'database' => 'onebase',
  'username' => 'root',
  'password' => '',
  'hostport' => '3306',
  'params' => 
  array (
  ),
  'charset' => 'utf8',
  'prefix' => 'ob_',
  'debug' => true,
  'deploy' => 0,
  'rw_separate' => false,
  'master_num' => 1,
  'slave_no' => '',
  'fields_strict' => true,
  'auto_timestamp' => false,
  'resultset_type' => 'array',
  'sql_explain' => false,
)
[ info ] [ DB ] CONNECT: mysql:dbname=onebase;host=127.0.0.1;port=3306;charset=utf8
[ info ] [ BEHAVIOR ] Run app\common\behavior\InitHook @app_init [ RunTime:0.023000s ]
[ info ] [ ROUTE ] array (
  'type' => 'module',
  'module' => 
  array (
    0 => 'admin',
    1 => 'admin_public',
    2 => 'login',
  ),
)
[ info ] [ RUN ] /**
     * 后台用户登录
     */
Method [ <user> public method login ] {
  @@ E:\Wamp\www\OneBase\application\admin\controller\AdminPublic.php 24 - 30

  - Parameters [3] {
    Parameter #0 [ <optional> $username = '' ]
    Parameter #1 [ <optional> $password = '' ]
    Parameter #2 [ <optional> $verify = '' ]
  }
}

[ info ] [ SESSION ] INIT array (
  'id' => '',
  'var_session_id' => '',
  'prefix' => 'think',
  'type' => '',
  'auto_start' => true,
)
[ info ] [ CACHE ] INIT File:array (
  'type' => 'File',
  'path' => 'E:\\Wamp\\www\\OneBase\\runtime\\cache\\',
  'prefix' => '',
  'expire' => 0,
)
[ info ] [ VIEW ] E:\Wamp\www\OneBase/application/admin\view\public\login.html [ array (
) ]
[ info ] [ BEHAVIOR ] Run app\common\behavior\EndHook @app_end [ RunTime:0.000000s ]
[ info ] [ LOG ] INIT File: array (
  'path' => 'E:\\Wamp\\www\\OneBase\\runtime\\log\\',
)
[ sql ] [ SQL ] SELECT * FROM `ob_config`  [ RunTime:0.001000s ]
[ sql ] [ SQL ] SELECT `id`,`username`,`password`,`email`,`mobile`,`create_ip`,`last_login_time`,`last_login_ip`,`update_time`,`create_time`,`status` FROM `ob_member` WHERE  `username` = 'admin' LIMIT 1    [ RunTime:0.000000s ]
[ sql ] [ SQL ] UPDATE `ob_member`  SET `last_login_time`='1472397322',`last_login_ip`='2130706433'  WHERE  `id` = '1'      [ RunTime:0.001000s ]

[ 2016-08-28T23:15:22+08:00 ] 127.0.0.1 127.0.0.1 GET /index.php/admin/index/index.html
[ log ] www.ob.com/index.php/admin/index/index.html [运行时间：0.052000s][吞吐率：19.23req/s] [内存消耗：2,561.86kb] [文件加载：56]
[ info ] [ DB ] INIT mysql:array (
  'type' => 'mysql',
  'dsn' => '',
  'hostname' => '127.0.0.1',
  'database' => 'onebase',
  'username' => 'root',
  'password' => '',
  'hostport' => '3306',
  'params' => 
  array (
  ),
  'charset' => 'utf8',
  'prefix' => 'ob_',
  'debug' => true,
  'deploy' => 0,
  'rw_separate' => false,
  'master_num' => 1,
  'slave_no' => '',
  'fields_strict' => true,
  'auto_timestamp' => false,
  'resultset_type' => 'array',
  'sql_explain' => false,
)
[ info ] [ DB ] CONNECT: mysql:dbname=onebase;host=127.0.0.1;port=3306;charset=utf8
[ info ] [ BEHAVIOR ] Run app\common\behavior\InitHook @app_init [ RunTime:0.024000s ]
[ info ] [ ROUTE ] array (
  'type' => 'module',
  'module' => 
  array (
    0 => 'admin',
    1 => 'index',
    2 => 'index',
  ),
)
[ info ] [ SESSION ] INIT array (
  'id' => '',
  'var_session_id' => '',
  'prefix' => 'think',
  'type' => '',
  'auto_start' => true,
)
[ info ] [ RUN ] Method [ <user> public method index ] {
  @@ E:\Wamp\www\OneBase\application\admin\controller\Index.php 8 - 14
}

[ info ] [ VIEW ] E:\Wamp\www\OneBase/application/admin\view\index\index.html [ array (
  0 => '__menu__',
  1 => 'meta_title',
) ]
[ info ] [ CACHE ] INIT File:array (
  'type' => 'File',
  'path' => 'E:\\Wamp\\www\\OneBase\\runtime\\cache\\',
  'prefix' => '',
  'expire' => 0,
)
[ info ] [ BEHAVIOR ] Run app\common\behavior\EndHook @app_end [ RunTime:0.000000s ]
[ info ] [ LOG ] INIT File: array (
  'path' => 'E:\\Wamp\\www\\OneBase\\runtime\\log\\',
)
[ sql ] [ SQL ] SELECT * FROM `ob_config`  [ RunTime:0.001000s ]
[ sql ] [ SQL ] SELECT `id`,`title`,`url` FROM `ob_menu` WHERE  `pid` = '0'  AND `hide` = '0' ORDER BY sort asc    [ RunTime:0.001000s ]
[ sql ] [ SQL ] SELECT `pid` FROM `ob_menu` WHERE  (  pid !=0 AND url like '%index/index%' ) LIMIT 1   [ RunTime:0.000000s ]

[ 2016-08-28T15:15:22+00:00 ] 127.0.0.1 127.0.0.1 GET /index.php/admin/index/__ROOT__/Public/favicon.ico
[ log ] www.ob.com/index.php/admin/index/__ROOT__/Public/favicon.ico [运行时间：0.011000s][吞吐率：90.91req/s] [内存消耗：640.10kb] [文件加载：18]
[ info ] [ LANG ] E:\Wamp\www\OneBase\framework\lang\zh-cn.php
[ info ] [ LOG ] INIT File: array (
  'path' => 'E:\\Wamp\\www\\OneBase\\runtime\\log\\',
  'level' => 
  array (
  ),
)

[ 2016-08-28T15:15:22+00:00 ] 127.0.0.1 127.0.0.1 GET /index.php/admin/index/__ROOT__/Public/favicon.ico
[ log ] www.ob.com/index.php/admin/index/__ROOT__/Public/favicon.ico [运行时间：0.012000s][吞吐率：83.33req/s] [内存消耗：640.10kb] [文件加载：18]
[ info ] [ LANG ] E:\Wamp\www\OneBase\framework\lang\zh-cn.php
[ info ] [ LOG ] INIT File: array (
  'path' => 'E:\\Wamp\\www\\OneBase\\runtime\\log\\',
  'level' => 
  array (
  ),
)

[ 2016-08-28T23:15:23+08:00 ] 127.0.0.1 127.0.0.1 GET /index.php/admin/member/index.html
[ log ] www.ob.com/index.php/admin/member/index.html [运行时间：0.080000s][吞吐率：12.50req/s] [内存消耗：3,134.65kb] [文件加载：67]
[ info ] [ DB ] INIT mysql:array (
  'type' => 'mysql',
  'dsn' => '',
  'hostname' => '127.0.0.1',
  'database' => 'onebase',
  'username' => 'root',
  'password' => '',
  'hostport' => '3306',
  'params' => 
  array (
  ),
  'charset' => 'utf8',
  'prefix' => 'ob_',
  'debug' => true,
  'deploy' => 0,
  'rw_separate' => false,
  'master_num' => 1,
  'slave_no' => '',
  'fields_strict' => true,
  'auto_timestamp' => false,
  'resultset_type' => 'array',
  'sql_explain' => false,
)
[ info ] [ DB ] CONNECT: mysql:dbname=onebase;host=127.0.0.1;port=3306;charset=utf8
[ info ] [ BEHAVIOR ] Run app\common\behavior\InitHook @app_init [ RunTime:0.014000s ]
[ info ] [ ROUTE ] array (
  'type' => 'module',
  'module' => 
  array (
    0 => 'admin',
    1 => 'member',
    2 => 'index',
  ),
)
[ info ] [ SESSION ] INIT array (
  'id' => '',
  'var_session_id' => '',
  'prefix' => 'think',
  'type' => '',
  'auto_start' => true,
)
[ info ] [ RUN ] Method [ <user> public method index ] {
  @@ E:\Wamp\www\OneBase\application\admin\controller\Member.php 20 - 30
}

[ info ] [ VIEW ] E:\Wamp\www\OneBase/application/admin\view\member\index.html [ array (
  0 => '__menu__',
  1 => 'list',
  2 => 'meta_title',
) ]
[ info ] [ CACHE ] INIT File:array (
  'type' => 'File',
  'path' => 'E:\\Wamp\\www\\OneBase\\runtime\\cache\\',
  'prefix' => '',
  'expire' => 0,
)
[ info ] [ BEHAVIOR ] Run app\common\behavior\EndHook @app_end [ RunTime:0.000000s ]
[ info ] [ LOG ] INIT File: array (
  'path' => 'E:\\Wamp\\www\\OneBase\\runtime\\log\\',
)
[ sql ] [ SQL ] SELECT * FROM `ob_config`  [ RunTime:0.000000s ]
[ sql ] [ SQL ] SELECT `id`,`title`,`url` FROM `ob_menu` WHERE  `pid` = '0'  AND `hide` = '0' ORDER BY sort asc    [ RunTime:0.000000s ]
[ sql ] [ SQL ] SELECT `pid` FROM `ob_menu` WHERE  (  pid !=0 AND url like '%member/index%' ) LIMIT 1   [ RunTime:0.000000s ]
[ sql ] [ SQL ] SELECT `id`,`title`,`pid`,`sort`,`url`,`hide`,`tip`,`group`,`is_dev`,`status` FROM `ob_menu` WHERE  `id` = '16' LIMIT 1    [ RunTime:0.000000s ]
[ sql ] [ SQL ] SELECT DISTINCT  `group` FROM `ob_menu` WHERE  `group` <> ''  AND `pid` = '16'   [ RunTime:0.000000s ]
[ sql ] [ SQL ] SELECT `id`,`url` FROM `ob_menu` WHERE  `pid` = '16'  AND `hide` = '0'    [ RunTime:0.001000s ]
[ sql ] [ SQL ] SELECT `id`,`pid`,`title`,`url`,`tip` FROM `ob_menu` WHERE  `group` = '会员管理'  AND `pid` = '16'  AND `hide` = '0' ORDER BY sort asc     [ RunTime:0.000000s ]
[ sql ] [ SQL ] SELECT COUNT(*) AS tp_count FROM `ob_member` WHERE  `status` = '1' LIMIT 1    [ RunTime:0.001000s ]
[ sql ] [ SQL ] SELECT `id`,`username`,`password`,`email`,`mobile`,`create_ip`,`last_login_time`,`last_login_ip`,`update_time`,`create_time`,`status` FROM `ob_member` WHERE  `status` = '1' LIMIT 0,15    [ RunTime:0.001000s ]
[ sql ] [ SQL ] SELECT * FROM `ob_member_info` WHERE  `member_id` = 1 LIMIT 1   [ RunTime:0.000000s ]
[ sql ] [ SQL ] SELECT * FROM `ob_member_info` WHERE  `member_id` = 9 LIMIT 1   [ RunTime:0.001000s ]
[ sql ] [ SQL ] SELECT * FROM `ob_member_info` WHERE  `member_id` = 13 LIMIT 1   [ RunTime:0.000000s ]
[ sql ] [ SQL ] SELECT * FROM `ob_member_info` WHERE  `member_id` = 14 LIMIT 1   [ RunTime:0.000000s ]

[ 2016-08-28T15:15:23+00:00 ] 127.0.0.1 127.0.0.1 GET /index.php/admin/member/__ROOT__/Public/favicon.ico
[ log ] www.ob.com/index.php/admin/member/__ROOT__/Public/favicon.ico [运行时间：0.011000s][吞吐率：90.91req/s] [内存消耗：640.13kb] [文件加载：18]
[ info ] [ LANG ] E:\Wamp\www\OneBase\framework\lang\zh-cn.php
[ info ] [ LOG ] INIT File: array (
  'path' => 'E:\\Wamp\\www\\OneBase\\runtime\\log\\',
  'level' => 
  array (
  ),
)

[ 2016-08-28T15:15:23+00:00 ] 127.0.0.1 127.0.0.1 GET /index.php/admin/member/__ROOT__/Public/favicon.ico
[ log ] www.ob.com/index.php/admin/member/__ROOT__/Public/favicon.ico [运行时间：0.011000s][吞吐率：90.91req/s] [内存消耗：640.13kb] [文件加载：18]
[ info ] [ LANG ] E:\Wamp\www\OneBase\framework\lang\zh-cn.php
[ info ] [ LOG ] INIT File: array (
  'path' => 'E:\\Wamp\\www\\OneBase\\runtime\\log\\',
  'level' => 
  array (
  ),
)

[ 2016-08-28T23:15:24+08:00 ] 127.0.0.1 127.0.0.1 GET /index.php/admin/auth_manager/index.html
[ log ] www.ob.com/index.php/admin/auth_manager/index.html [运行时间：0.085000s][吞吐率：11.76req/s] [内存消耗：3,049.45kb] [文件加载：64]
[ info ] [ DB ] INIT mysql:array (
  'type' => 'mysql',
  'dsn' => '',
  'hostname' => '127.0.0.1',
  'database' => 'onebase',
  'username' => 'root',
  'password' => '',
  'hostport' => '3306',
  'params' => 
  array (
  ),
  'charset' => 'utf8',
  'prefix' => 'ob_',
  'debug' => true,
  'deploy' => 0,
  'rw_separate' => false,
  'master_num' => 1,
  'slave_no' => '',
  'fields_strict' => true,
  'auto_timestamp' => false,
  'resultset_type' => 'array',
  'sql_explain' => false,
)
[ info ] [ DB ] CONNECT: mysql:dbname=onebase;host=127.0.0.1;port=3306;charset=utf8
[ info ] [ BEHAVIOR ] Run app\common\behavior\InitHook @app_init [ RunTime:0.013000s ]
[ info ] [ ROUTE ] array (
  'type' => 'module',
  'module' => 
  array (
    0 => 'admin',
    1 => 'auth_manager',
    2 => 'index',
  ),
)
[ info ] [ SESSION ] INIT array (
  'id' => '',
  'var_session_id' => '',
  'prefix' => 'think',
  'type' => '',
  'auto_start' => true,
)
[ info ] [ RUN ] Method [ <user> public method index ] {
  @@ E:\Wamp\www\OneBase\application\admin\controller\AuthManager.php 20 - 33
}

[ info ] [ VIEW ] E:\Wamp\www\OneBase/application/admin\view\auth_manager\index.html [ array (
  0 => '__menu__',
  1 => 'list',
  2 => 'meta_title',
) ]
[ info ] [ CACHE ] INIT File:array (
  'type' => 'File',
  'path' => 'E:\\Wamp\\www\\OneBase\\runtime\\cache\\',
  'prefix' => '',
  'expire' => 0,
)
[ info ] [ BEHAVIOR ] Run app\common\behavior\EndHook @app_end [ RunTime:0.000000s ]
[ info ] [ LOG ] INIT File: array (
  'path' => 'E:\\Wamp\\www\\OneBase\\runtime\\log\\',
)
[ sql ] [ SQL ] SELECT * FROM `ob_config`  [ RunTime:0.001000s ]
[ sql ] [ SQL ] SELECT `id`,`title`,`url` FROM `ob_menu` WHERE  `pid` = '0'  AND `hide` = '0' ORDER BY sort asc    [ RunTime:0.001000s ]
[ sql ] [ SQL ] SELECT `pid` FROM `ob_menu` WHERE  (  pid !=0 AND url like '%auth_manager/index%' ) LIMIT 1   [ RunTime:0.001000s ]
[ sql ] [ SQL ] SELECT `id`,`title`,`pid`,`sort`,`url`,`hide`,`tip`,`group`,`is_dev`,`status` FROM `ob_menu` WHERE  `id` = '16' LIMIT 1    [ RunTime:0.000000s ]
[ sql ] [ SQL ] SELECT DISTINCT  `group` FROM `ob_menu` WHERE  `group` <> ''  AND `pid` = '16'   [ RunTime:0.001000s ]
[ sql ] [ SQL ] SELECT `id`,`url` FROM `ob_menu` WHERE  `pid` = '16'  AND `hide` = '0'    [ RunTime:0.001000s ]
[ sql ] [ SQL ] SELECT `id`,`pid`,`title`,`url`,`tip` FROM `ob_menu` WHERE  `group` = '会员管理'  AND `pid` = '16'  AND `hide` = '0' ORDER BY sort asc     [ RunTime:0.000000s ]
[ sql ] [ SQL ] SELECT COUNT(*) AS tp_count FROM `ob_auth_group` WHERE  `status` = '1'  AND `module` = 'admin' LIMIT 1     [ RunTime:0.001000s ]
[ sql ] [ SQL ] SELECT `id`,`module`,`type`,`title`,`description`,`status`,`rules` FROM `ob_auth_group` WHERE  `status` = '1'  AND `module` = 'admin' LIMIT 0,15     [ RunTime:0.001000s ]

[ 2016-08-28T15:15:24+00:00 ] 127.0.0.1 127.0.0.1 GET /index.php/admin/auth_manager/__ROOT__/Public/favicon.ico
[ log ] www.ob.com/index.php/admin/auth_manager/__ROOT__/Public/favicon.ico [运行时间：0.011000s][吞吐率：90.91req/s] [内存消耗：640.08kb] [文件加载：18]
[ info ] [ LANG ] E:\Wamp\www\OneBase\framework\lang\zh-cn.php
[ info ] [ LOG ] INIT File: array (
  'path' => 'E:\\Wamp\\www\\OneBase\\runtime\\log\\',
  'level' => 
  array (
  ),
)

[ 2016-08-28T15:15:24+00:00 ] 127.0.0.1 127.0.0.1 GET /index.php/admin/auth_manager/__ROOT__/Public/favicon.ico
[ log ] www.ob.com/index.php/admin/auth_manager/__ROOT__/Public/favicon.ico [运行时间：0.010000s][吞吐率：100.00req/s] [内存消耗：640.08kb] [文件加载：18]
[ info ] [ LANG ] E:\Wamp\www\OneBase\framework\lang\zh-cn.php
[ info ] [ LOG ] INIT File: array (
  'path' => 'E:\\Wamp\\www\\OneBase\\runtime\\log\\',
  'level' => 
  array (
  ),
)

[ 2016-08-28T23:15:24+08:00 ] 127.0.0.1 127.0.0.1 GET /index.php/admin/member/index.html
[ log ] www.ob.com/index.php/admin/member/index.html [运行时间：0.087000s][吞吐率：11.49req/s] [内存消耗：2,944.86kb] [文件加载：65]
[ info ] [ DB ] INIT mysql:array (
  'type' => 'mysql',
  'dsn' => '',
  'hostname' => '127.0.0.1',
  'database' => 'onebase',
  'username' => 'root',
  'password' => '',
  'hostport' => '3306',
  'params' => 
  array (
  ),
  'charset' => 'utf8',
  'prefix' => 'ob_',
  'debug' => true,
  'deploy' => 0,
  'rw_separate' => false,
  'master_num' => 1,
  'slave_no' => '',
  'fields_strict' => true,
  'auto_timestamp' => false,
  'resultset_type' => 'array',
  'sql_explain' => false,
)
[ info ] [ DB ] CONNECT: mysql:dbname=onebase;host=127.0.0.1;port=3306;charset=utf8
[ info ] [ BEHAVIOR ] Run app\common\behavior\InitHook @app_init [ RunTime:0.024000s ]
[ info ] [ ROUTE ] array (
  'type' => 'module',
  'module' => 
  array (
    0 => 'admin',
    1 => 'member',
    2 => 'index',
  ),
)
[ info ] [ SESSION ] INIT array (
  'id' => '',
  'var_session_id' => '',
  'prefix' => 'think',
  'type' => '',
  'auto_start' => true,
)
[ info ] [ RUN ] Method [ <user> public method index ] {
  @@ E:\Wamp\www\OneBase\application\admin\controller\Member.php 20 - 30
}

[ info ] [ VIEW ] E:\Wamp\www\OneBase/application/admin\view\member\index.html [ array (
  0 => '__menu__',
  1 => 'list',
  2 => 'meta_title',
) ]
[ info ] [ CACHE ] INIT File:array (
  'type' => 'File',
  'path' => 'E:\\Wamp\\www\\OneBase\\runtime\\cache\\',
  'prefix' => '',
  'expire' => 0,
)
[ info ] [ BEHAVIOR ] Run app\common\behavior\EndHook @app_end [ RunTime:0.000000s ]
[ info ] [ LOG ] INIT File: array (
  'path' => 'E:\\Wamp\\www\\OneBase\\runtime\\log\\',
)
[ sql ] [ SQL ] SELECT * FROM `ob_config`  [ RunTime:0.000000s ]
[ sql ] [ SQL ] SELECT `id`,`title`,`url` FROM `ob_menu` WHERE  `pid` = '0'  AND `hide` = '0' ORDER BY sort asc    [ RunTime:0.001000s ]
[ sql ] [ SQL ] SELECT `pid` FROM `ob_menu` WHERE  (  pid !=0 AND url like '%member/index%' ) LIMIT 1   [ RunTime:0.000000s ]
[ sql ] [ SQL ] SELECT `id`,`title`,`pid`,`sort`,`url`,`hide`,`tip`,`group`,`is_dev`,`status` FROM `ob_menu` WHERE  `id` = '16' LIMIT 1    [ RunTime:0.001000s ]
[ sql ] [ SQL ] SELECT DISTINCT  `group` FROM `ob_menu` WHERE  `group` <> ''  AND `pid` = '16'   [ RunTime:0.000000s ]
[ sql ] [ SQL ] SELECT `id`,`url` FROM `ob_menu` WHERE  `pid` = '16'  AND `hide` = '0'    [ RunTime:0.000000s ]
[ sql ] [ SQL ] SELECT `id`,`pid`,`title`,`url`,`tip` FROM `ob_menu` WHERE  `group` = '会员管理'  AND `pid` = '16'  AND `hide` = '0' ORDER BY sort asc     [ RunTime:0.001000s ]
[ sql ] [ SQL ] SELECT COUNT(*) AS tp_count FROM `ob_member` WHERE  `status` = '1' LIMIT 1    [ RunTime:0.000000s ]
[ sql ] [ SQL ] SELECT `id`,`username`,`password`,`email`,`mobile`,`create_ip`,`last_login_time`,`last_login_ip`,`update_time`,`create_time`,`status` FROM `ob_member` WHERE  `status` = '1' LIMIT 0,15    [ RunTime:0.000000s ]
[ sql ] [ SQL ] SELECT * FROM `ob_member_info` WHERE  `member_id` = 1 LIMIT 1   [ RunTime:0.000000s ]
[ sql ] [ SQL ] SELECT * FROM `ob_member_info` WHERE  `member_id` = 9 LIMIT 1   [ RunTime:0.000000s ]
[ sql ] [ SQL ] SELECT * FROM `ob_member_info` WHERE  `member_id` = 13 LIMIT 1   [ RunTime:0.001000s ]
[ sql ] [ SQL ] SELECT * FROM `ob_member_info` WHERE  `member_id` = 14 LIMIT 1   [ RunTime:0.000000s ]

[ 2016-08-28T23:15:25+08:00 ] 127.0.0.1 127.0.0.1 GET /index.php/admin/config/group.html
[ log ] www.ob.com/index.php/admin/config/group.html [运行时间：0.082000s][吞吐率：12.20req/s] [内存消耗：2,823.75kb] [文件加载：58]
[ info ] [ DB ] INIT mysql:array (
  'type' => 'mysql',
  'dsn' => '',
  'hostname' => '127.0.0.1',
  'database' => 'onebase',
  'username' => 'root',
  'password' => '',
  'hostport' => '3306',
  'params' => 
  array (
  ),
  'charset' => 'utf8',
  'prefix' => 'ob_',
  'debug' => true,
  'deploy' => 0,
  'rw_separate' => false,
  'master_num' => 1,
  'slave_no' => '',
  'fields_strict' => true,
  'auto_timestamp' => false,
  'resultset_type' => 'array',
  'sql_explain' => false,
)
[ info ] [ DB ] CONNECT: mysql:dbname=onebase;host=127.0.0.1;port=3306;charset=utf8
[ info ] [ BEHAVIOR ] Run app\common\behavior\InitHook @app_init [ RunTime:0.014000s ]
[ info ] [ ROUTE ] array (
  'type' => 'module',
  'module' => 
  array (
    0 => 'admin',
    1 => 'config',
    2 => 'group',
  ),
)
[ info ] [ SESSION ] INIT array (
  'id' => '',
  'var_session_id' => '',
  'prefix' => 'think',
  'type' => '',
  'auto_start' => true,
)
[ info ] [ RUN ] Method [ <user> public method group ] {
  @@ E:\Wamp\www\OneBase\application\admin\controller\Config.php 48 - 67
}

[ info ] [ DB ] INIT mysql:array (
  'type' => 'mysql',
  'dsn' => '',
  'hostname' => '127.0.0.1',
  'database' => 'onebase',
  'username' => 'root',
  'password' => '',
  'hostport' => '3306',
  'params' => 
  array (
  ),
  'charset' => 'utf8',
  'prefix' => 'ob_',
  'debug' => true,
  'deploy' => 0,
  'rw_separate' => false,
  'master_num' => 1,
  'slave_no' => '',
  'fields_strict' => true,
  'auto_timestamp' => false,
  'resultset_type' => 'array',
  'sql_explain' => false,
)
[ info ] [ DB ] CONNECT: mysql:dbname=onebase;host=127.0.0.1;port=3306;charset=utf8
[ info ] [ VIEW ] E:\Wamp\www\OneBase/application/admin\view\config\group.html [ array (
  0 => '__menu__',
  1 => 'list',
  2 => 'id',
  3 => 'meta_title',
  4 => 'config_group_list',
) ]
[ info ] [ CACHE ] INIT File:array (
  'type' => 'File',
  'path' => 'E:\\Wamp\\www\\OneBase\\runtime\\cache\\',
  'prefix' => '',
  'expire' => 0,
)
[ info ] [ BEHAVIOR ] Run app\common\behavior\EndHook @app_end [ RunTime:0.001000s ]
[ info ] [ LOG ] INIT File: array (
  'path' => 'E:\\Wamp\\www\\OneBase\\runtime\\log\\',
)
[ sql ] [ SQL ] SELECT * FROM `ob_config`  [ RunTime:0.000000s ]
[ sql ] [ SQL ] SELECT `id`,`title`,`url` FROM `ob_menu` WHERE  `pid` = '0'  AND `hide` = '0' ORDER BY sort asc    [ RunTime:0.001000s ]
[ sql ] [ SQL ] SELECT `pid` FROM `ob_menu` WHERE  (  pid !=0 AND url like '%config/group%' ) LIMIT 1   [ RunTime:0.000000s ]
[ sql ] [ SQL ] SELECT `id`,`title`,`pid`,`sort`,`url`,`hide`,`tip`,`group`,`is_dev`,`status` FROM `ob_menu` WHERE  `id` = '68' LIMIT 1    [ RunTime:0.001000s ]
[ sql ] [ SQL ] SELECT DISTINCT  `group` FROM `ob_menu` WHERE  `group` <> ''  AND `pid` = '68'   [ RunTime:0.000000s ]
[ sql ] [ SQL ] SELECT `id`,`url` FROM `ob_menu` WHERE  `pid` = '68'  AND `hide` = '0'    [ RunTime:0.000000s ]
[ sql ] [ SQL ] SELECT `id`,`pid`,`title`,`url`,`tip` FROM `ob_menu` WHERE  `group` = '系统设置'  AND `pid` = '68'  AND `hide` = '0' ORDER BY sort asc     [ RunTime:0.000000s ]
[ sql ] [ SQL ] SELECT `id`,`name`,`title`,`extra`,`value`,`remark`,`type` FROM `ob_config` WHERE  `status` = '1'  AND `group` = '1' ORDER BY sort    [ RunTime:0.000000s ]

[ 2016-08-28T15:15:25+00:00 ] 127.0.0.1 127.0.0.1 GET /index.php/admin/config/__ROOT__/Public/favicon.ico
[ log ] www.ob.com/index.php/admin/config/__ROOT__/Public/favicon.ico [运行时间：0.011000s][吞吐率：90.91req/s] [内存消耗：640.13kb] [文件加载：18]
[ info ] [ LANG ] E:\Wamp\www\OneBase\framework\lang\zh-cn.php
[ info ] [ LOG ] INIT File: array (
  'path' => 'E:\\Wamp\\www\\OneBase\\runtime\\log\\',
  'level' => 
  array (
  ),
)

[ 2016-08-28T15:15:25+00:00 ] 127.0.0.1 127.0.0.1 GET /index.php/admin/config/__ROOT__/Public/favicon.ico
[ log ] www.ob.com/index.php/admin/config/__ROOT__/Public/favicon.ico [运行时间：0.011000s][吞吐率：90.91req/s] [内存消耗：640.13kb] [文件加载：18]
[ info ] [ LANG ] E:\Wamp\www\OneBase\framework\lang\zh-cn.php
[ info ] [ LOG ] INIT File: array (
  'path' => 'E:\\Wamp\\www\\OneBase\\runtime\\log\\',
  'level' => 
  array (
  ),
)

[ 2016-08-28T23:15:27+08:00 ] 127.0.0.1 127.0.0.1 GET /index.php/admin/config/index.html
[ log ] www.ob.com/index.php/admin/config/index.html [运行时间：0.078000s][吞吐率：12.82req/s] [内存消耗：2,986.82kb] [文件加载：62]
[ info ] [ DB ] INIT mysql:array (
  'type' => 'mysql',
  'dsn' => '',
  'hostname' => '127.0.0.1',
  'database' => 'onebase',
  'username' => 'root',
  'password' => '',
  'hostport' => '3306',
  'params' => 
  array (
  ),
  'charset' => 'utf8',
  'prefix' => 'ob_',
  'debug' => true,
  'deploy' => 0,
  'rw_separate' => false,
  'master_num' => 1,
  'slave_no' => '',
  'fields_strict' => true,
  'auto_timestamp' => false,
  'resultset_type' => 'array',
  'sql_explain' => false,
)
[ info ] [ DB ] CONNECT: mysql:dbname=onebase;host=127.0.0.1;port=3306;charset=utf8
[ info ] [ BEHAVIOR ] Run app\common\behavior\InitHook @app_init [ RunTime:0.012000s ]
[ info ] [ ROUTE ] array (
  'type' => 'module',
  'module' => 
  array (
    0 => 'admin',
    1 => 'config',
    2 => 'index',
  ),
)
[ info ] [ SESSION ] INIT array (
  'id' => '',
  'var_session_id' => '',
  'prefix' => 'think',
  'type' => '',
  'auto_start' => true,
)
[ info ] [ RUN ] /**
     * 配置管理
     */
Method [ <user> public method index ] {
  @@ E:\Wamp\www\OneBase\application\admin\controller\Config.php 12 - 45
}

[ info ] [ DB ] INIT mysql:array (
  'type' => 'mysql',
  'dsn' => '',
  'hostname' => '127.0.0.1',
  'database' => 'onebase',
  'username' => 'root',
  'password' => '',
  'hostport' => '3306',
  'params' => 
  array (
  ),
  'charset' => 'utf8',
  'prefix' => 'ob_',
  'debug' => true,
  'deploy' => 0,
  'rw_separate' => false,
  'master_num' => 1,
  'slave_no' => '',
  'fields_strict' => true,
  'auto_timestamp' => false,
  'resultset_type' => 'array',
  'sql_explain' => false,
)
[ info ] [ DB ] CONNECT: mysql:dbname=onebase;host=127.0.0.1;port=3306;charset=utf8
[ info ] [ VIEW ] E:\Wamp\www\OneBase/application/admin\view\config\index.html [ array (
  0 => '__menu__',
  1 => 'group_id',
  2 => 'name',
  3 => 'group',
  4 => 'list',
  5 => 'meta_title',
) ]
[ info ] [ CACHE ] INIT File:array (
  'type' => 'File',
  'path' => 'E:\\Wamp\\www\\OneBase\\runtime\\cache\\',
  'prefix' => '',
  'expire' => 0,
)
[ info ] [ BEHAVIOR ] Run app\common\behavior\EndHook @app_end [ RunTime:0.000000s ]
[ info ] [ LOG ] INIT File: array (
  'path' => 'E:\\Wamp\\www\\OneBase\\runtime\\log\\',
)
[ sql ] [ SQL ] SELECT * FROM `ob_config`  [ RunTime:0.000000s ]
[ sql ] [ SQL ] SELECT `id`,`title`,`url` FROM `ob_menu` WHERE  `pid` = '0'  AND `hide` = '0' ORDER BY sort asc    [ RunTime:0.001000s ]
[ sql ] [ SQL ] SELECT `pid` FROM `ob_menu` WHERE  (  pid !=0 AND url like '%config/index%' ) LIMIT 1   [ RunTime:0.000000s ]
[ sql ] [ SQL ] SELECT `id`,`title`,`pid`,`sort`,`url`,`hide`,`tip`,`group`,`is_dev`,`status` FROM `ob_menu` WHERE  `id` = '68' LIMIT 1    [ RunTime:0.000000s ]
[ sql ] [ SQL ] SELECT DISTINCT  `group` FROM `ob_menu` WHERE  `group` <> ''  AND `pid` = '68'   [ RunTime:0.000000s ]
[ sql ] [ SQL ] SELECT `id`,`url` FROM `ob_menu` WHERE  `pid` = '68'  AND `hide` = '0'    [ RunTime:0.000000s ]
[ sql ] [ SQL ] SELECT `id`,`pid`,`title`,`url`,`tip` FROM `ob_menu` WHERE  `group` = '系统设置'  AND `pid` = '68'  AND `hide` = '0' ORDER BY sort asc     [ RunTime:0.001000s ]
[ sql ] [ SQL ] SELECT COUNT(*) AS tp_count FROM `ob_config` WHERE  `status` = '1' ORDER BY sort,id LIMIT 1    [ RunTime:0.001000s ]
[ sql ] [ SQL ] SELECT * FROM `ob_config` WHERE  `status` = '1' ORDER BY sort,id LIMIT 0,10    [ RunTime:0.000000s ]

[ 2016-08-28T23:15:27+08:00 ] 127.0.0.1 127.0.0.1 GET /index.php/admin/menu/index.html
[ log ] www.ob.com/index.php/admin/menu/index.html [运行时间：0.070000s][吞吐率：14.29req/s] [内存消耗：2,802.23kb] [文件加载：58]
[ info ] [ DB ] INIT mysql:array (
  'type' => 'mysql',
  'dsn' => '',
  'hostname' => '127.0.0.1',
  'database' => 'onebase',
  'username' => 'root',
  'password' => '',
  'hostport' => '3306',
  'params' => 
  array (
  ),
  'charset' => 'utf8',
  'prefix' => 'ob_',
  'debug' => true,
  'deploy' => 0,
  'rw_separate' => false,
  'master_num' => 1,
  'slave_no' => '',
  'fields_strict' => true,
  'auto_timestamp' => false,
  'resultset_type' => 'array',
  'sql_explain' => false,
)
[ info ] [ DB ] CONNECT: mysql:dbname=onebase;host=127.0.0.1;port=3306;charset=utf8
[ info ] [ BEHAVIOR ] Run app\common\behavior\InitHook @app_init [ RunTime:0.014000s ]
[ info ] [ ROUTE ] array (
  'type' => 'module',
  'module' => 
  array (
    0 => 'admin',
    1 => 'menu',
    2 => 'index',
  ),
)
[ info ] [ SESSION ] INIT array (
  'id' => '',
  'var_session_id' => '',
  'prefix' => 'think',
  'type' => '',
  'auto_start' => true,
)
[ info ] [ RUN ] /**
     * 后台菜单首页
     */
Method [ <user> public method index ] {
  @@ E:\Wamp\www\OneBase\application\admin\controller\Menu.php 10 - 57
}

[ info ] [ VIEW ] E:\Wamp\www\OneBase/application/admin\view\menu\index.html [ array (
  0 => '__menu__',
  1 => 'data',
  2 => 'title',
  3 => 'list',
  4 => 'pid',
  5 => 'meta_title',
) ]
[ info ] [ CACHE ] INIT File:array (
  'type' => 'File',
  'path' => 'E:\\Wamp\\www\\OneBase\\runtime\\cache\\',
  'prefix' => '',
  'expire' => 0,
)
[ info ] [ BEHAVIOR ] Run app\common\behavior\EndHook @app_end [ RunTime:0.000000s ]
[ info ] [ LOG ] INIT File: array (
  'path' => 'E:\\Wamp\\www\\OneBase\\runtime\\log\\',
)
[ sql ] [ SQL ] SELECT * FROM `ob_config`  [ RunTime:0.000000s ]
[ sql ] [ SQL ] SELECT `id`,`title`,`url` FROM `ob_menu` WHERE  `pid` = '0'  AND `hide` = '0' ORDER BY sort asc    [ RunTime:0.001000s ]
[ sql ] [ SQL ] SELECT `pid` FROM `ob_menu` WHERE  (  pid !=0 AND url like '%menu/index%' ) LIMIT 1   [ RunTime:0.000000s ]
[ sql ] [ SQL ] SELECT `id`,`title`,`pid`,`sort`,`url`,`hide`,`tip`,`group`,`is_dev`,`status` FROM `ob_menu` WHERE  `id` = '68' LIMIT 1    [ RunTime:0.000000s ]
[ sql ] [ SQL ] SELECT DISTINCT  `group` FROM `ob_menu` WHERE  `group` <> ''  AND `pid` = '68'   [ RunTime:0.000000s ]
[ sql ] [ SQL ] SELECT `id`,`url` FROM `ob_menu` WHERE  `pid` = '68'  AND `hide` = '0'    [ RunTime:0.000000s ]
[ sql ] [ SQL ] SELECT `id`,`pid`,`title`,`url`,`tip` FROM `ob_menu` WHERE  `group` = '系统设置'  AND `pid` = '68'  AND `hide` = '0' ORDER BY sort asc     [ RunTime:0.000000s ]
[ sql ] [ SQL ] SELECT * FROM `ob_menu` WHERE  `id` = '0' LIMIT 1    [ RunTime:0.000000s ]
[ sql ] [ SQL ] SELECT `id`,`title` FROM `ob_menu`  [ RunTime:0.000000s ]
[ sql ] [ SQL ] SELECT `id`,`title`,`pid`,`sort`,`url`,`hide`,`tip`,`group`,`is_dev`,`status` FROM `ob_menu` WHERE  `pid` = '0' ORDER BY sort asc,id asc   [ RunTime:0.000000s ]

[ 2016-08-28T15:15:27+00:00 ] 127.0.0.1 127.0.0.1 GET /index.php/admin/menu/__ROOT__/Public/favicon.ico
[ log ] www.ob.com/index.php/admin/menu/__ROOT__/Public/favicon.ico [运行时间：0.014000s][吞吐率：71.43req/s] [内存消耗：640.09kb] [文件加载：18]
[ info ] [ LANG ] E:\Wamp\www\OneBase\framework\lang\zh-cn.php
[ info ] [ LOG ] INIT File: array (
  'path' => 'E:\\Wamp\\www\\OneBase\\runtime\\log\\',
  'level' => 
  array (
  ),
)

[ 2016-08-28T15:15:27+00:00 ] 127.0.0.1 127.0.0.1 GET /index.php/admin/menu/__ROOT__/Public/favicon.ico
[ log ] www.ob.com/index.php/admin/menu/__ROOT__/Public/favicon.ico [运行时间：0.012000s][吞吐率：83.33req/s] [内存消耗：640.09kb] [文件加载：18]
[ info ] [ LANG ] E:\Wamp\www\OneBase\framework\lang\zh-cn.php
[ info ] [ LOG ] INIT File: array (
  'path' => 'E:\\Wamp\\www\\OneBase\\runtime\\log\\',
  'level' => 
  array (
  ),
)

[ 2016-08-28T23:15:29+08:00 ] 127.0.0.1 127.0.0.1 GET /index.php/admin/member/index.html
[ log ] www.ob.com/index.php/admin/member/index.html [运行时间：0.088000s][吞吐率：11.36req/s] [内存消耗：2,944.80kb] [文件加载：65]
[ info ] [ DB ] INIT mysql:array (
  'type' => 'mysql',
  'dsn' => '',
  'hostname' => '127.0.0.1',
  'database' => 'onebase',
  'username' => 'root',
  'password' => '',
  'hostport' => '3306',
  'params' => 
  array (
  ),
  'charset' => 'utf8',
  'prefix' => 'ob_',
  'debug' => true,
  'deploy' => 0,
  'rw_separate' => false,
  'master_num' => 1,
  'slave_no' => '',
  'fields_strict' => true,
  'auto_timestamp' => false,
  'resultset_type' => 'array',
  'sql_explain' => false,
)
[ info ] [ DB ] CONNECT: mysql:dbname=onebase;host=127.0.0.1;port=3306;charset=utf8
[ info ] [ BEHAVIOR ] Run app\common\behavior\InitHook @app_init [ RunTime:0.022000s ]
[ info ] [ ROUTE ] array (
  'type' => 'module',
  'module' => 
  array (
    0 => 'admin',
    1 => 'member',
    2 => 'index',
  ),
)
[ info ] [ SESSION ] INIT array (
  'id' => '',
  'var_session_id' => '',
  'prefix' => 'think',
  'type' => '',
  'auto_start' => true,
)
[ info ] [ RUN ] Method [ <user> public method index ] {
  @@ E:\Wamp\www\OneBase\application\admin\controller\Member.php 20 - 30
}

[ info ] [ VIEW ] E:\Wamp\www\OneBase/application/admin\view\member\index.html [ array (
  0 => '__menu__',
  1 => 'list',
  2 => 'meta_title',
) ]
[ info ] [ CACHE ] INIT File:array (
  'type' => 'File',
  'path' => 'E:\\Wamp\\www\\OneBase\\runtime\\cache\\',
  'prefix' => '',
  'expire' => 0,
)
[ info ] [ BEHAVIOR ] Run app\common\behavior\EndHook @app_end [ RunTime:0.000000s ]
[ info ] [ LOG ] INIT File: array (
  'path' => 'E:\\Wamp\\www\\OneBase\\runtime\\log\\',
)
[ sql ] [ SQL ] SELECT * FROM `ob_config`  [ RunTime:0.000000s ]
[ sql ] [ SQL ] SELECT `id`,`title`,`url` FROM `ob_menu` WHERE  `pid` = '0'  AND `hide` = '0' ORDER BY sort asc    [ RunTime:0.000000s ]
[ sql ] [ SQL ] SELECT `pid` FROM `ob_menu` WHERE  (  pid !=0 AND url like '%member/index%' ) LIMIT 1   [ RunTime:0.001000s ]
[ sql ] [ SQL ] SELECT `id`,`title`,`pid`,`sort`,`url`,`hide`,`tip`,`group`,`is_dev`,`status` FROM `ob_menu` WHERE  `id` = '16' LIMIT 1    [ RunTime:0.001000s ]
[ sql ] [ SQL ] SELECT DISTINCT  `group` FROM `ob_menu` WHERE  `group` <> ''  AND `pid` = '16'   [ RunTime:0.001000s ]
[ sql ] [ SQL ] SELECT `id`,`url` FROM `ob_menu` WHERE  `pid` = '16'  AND `hide` = '0'    [ RunTime:0.001000s ]
[ sql ] [ SQL ] SELECT `id`,`pid`,`title`,`url`,`tip` FROM `ob_menu` WHERE  `group` = '会员管理'  AND `pid` = '16'  AND `hide` = '0' ORDER BY sort asc     [ RunTime:0.000000s ]
[ sql ] [ SQL ] SELECT COUNT(*) AS tp_count FROM `ob_member` WHERE  `status` = '1' LIMIT 1    [ RunTime:0.001000s ]
[ sql ] [ SQL ] SELECT `id`,`username`,`password`,`email`,`mobile`,`create_ip`,`last_login_time`,`last_login_ip`,`update_time`,`create_time`,`status` FROM `ob_member` WHERE  `status` = '1' LIMIT 0,15    [ RunTime:0.000000s ]
[ sql ] [ SQL ] SELECT * FROM `ob_member_info` WHERE  `member_id` = 1 LIMIT 1   [ RunTime:0.000000s ]
[ sql ] [ SQL ] SELECT * FROM `ob_member_info` WHERE  `member_id` = 9 LIMIT 1   [ RunTime:0.001000s ]
[ sql ] [ SQL ] SELECT * FROM `ob_member_info` WHERE  `member_id` = 13 LIMIT 1   [ RunTime:0.001000s ]
[ sql ] [ SQL ] SELECT * FROM `ob_member_info` WHERE  `member_id` = 14 LIMIT 1   [ RunTime:0.000000s ]

[ 2016-08-28T23:15:30+08:00 ] 127.0.0.1 127.0.0.1 GET /index.php/admin/index/index.html
[ log ] www.ob.com/index.php/admin/index/index.html [运行时间：0.052000s][吞吐率：19.23req/s] [内存消耗：2,561.78kb] [文件加载：56]
[ info ] [ DB ] INIT mysql:array (
  'type' => 'mysql',
  'dsn' => '',
  'hostname' => '127.0.0.1',
  'database' => 'onebase',
  'username' => 'root',
  'password' => '',
  'hostport' => '3306',
  'params' => 
  array (
  ),
  'charset' => 'utf8',
  'prefix' => 'ob_',
  'debug' => true,
  'deploy' => 0,
  'rw_separate' => false,
  'master_num' => 1,
  'slave_no' => '',
  'fields_strict' => true,
  'auto_timestamp' => false,
  'resultset_type' => 'array',
  'sql_explain' => false,
)
[ info ] [ DB ] CONNECT: mysql:dbname=onebase;host=127.0.0.1;port=3306;charset=utf8
[ info ] [ BEHAVIOR ] Run app\common\behavior\InitHook @app_init [ RunTime:0.023000s ]
[ info ] [ ROUTE ] array (
  'type' => 'module',
  'module' => 
  array (
    0 => 'admin',
    1 => 'index',
    2 => 'index',
  ),
)
[ info ] [ SESSION ] INIT array (
  'id' => '',
  'var_session_id' => '',
  'prefix' => 'think',
  'type' => '',
  'auto_start' => true,
)
[ info ] [ RUN ] Method [ <user> public method index ] {
  @@ E:\Wamp\www\OneBase\application\admin\controller\Index.php 8 - 14
}

[ info ] [ VIEW ] E:\Wamp\www\OneBase/application/admin\view\index\index.html [ array (
  0 => '__menu__',
  1 => 'meta_title',
) ]
[ info ] [ CACHE ] INIT File:array (
  'type' => 'File',
  'path' => 'E:\\Wamp\\www\\OneBase\\runtime\\cache\\',
  'prefix' => '',
  'expire' => 0,
)
[ info ] [ BEHAVIOR ] Run app\common\behavior\EndHook @app_end [ RunTime:0.000000s ]
[ info ] [ LOG ] INIT File: array (
  'path' => 'E:\\Wamp\\www\\OneBase\\runtime\\log\\',
)
[ sql ] [ SQL ] SELECT * FROM `ob_config`  [ RunTime:0.001000s ]
[ sql ] [ SQL ] SELECT `id`,`title`,`url` FROM `ob_menu` WHERE  `pid` = '0'  AND `hide` = '0' ORDER BY sort asc    [ RunTime:0.000000s ]
[ sql ] [ SQL ] SELECT `pid` FROM `ob_menu` WHERE  (  pid !=0 AND url like '%index/index%' ) LIMIT 1   [ RunTime:0.000000s ]

